CRITICAL - 2024-11-20 15:54:01 --> ParseError: syntax error, unexpected token ","
[Method: GET, Route: ver-alertas]
in APPPATH\Views\ver-alertas.php on line 14.
 1 SYSTEMPATH\View\View.php(237): CodeIgniter\View\View->CodeIgniter\View\{closure}()
 2 SYSTEMPATH\Common.php(1169): CodeIgniter\View\View->render('ver-alertas', [], true)
 3 APPPATH\Controllers\ViewsControllers.php(26): view('ver-alertas')
 4 SYSTEMPATH\CodeIgniter.php(933): App\Controllers\ViewsControllers->VistaAlertas()
 5 SYSTEMPATH\CodeIgniter.php(509): CodeIgniter\CodeIgniter->runController(Object(App\Controllers\ViewsControllers))
 6 SYSTEMPATH\CodeIgniter.php(355): CodeIgniter\CodeIgniter->handleRequest(null, Object(Config\Cache), false)
 7 SYSTEMPATH\Boot.php(325): CodeIgniter\CodeIgniter->run()
 8 SYSTEMPATH\Boot.php(67): CodeIgniter\Boot::runCodeIgniter(Object(CodeIgniter\CodeIgniter))
 9 FCPATH\index.php(56): CodeIgniter\Boot::bootWeb(Object(Config\Paths))
CRITICAL - 2024-11-20 15:54:04 --> ParseError: syntax error, unexpected token ","
[Method: GET, Route: ver-alertas]
in APPPATH\Views\ver-alertas.php on line 14.
 1 SYSTEMPATH\View\View.php(237): CodeIgniter\View\View->CodeIgniter\View\{closure}()
 2 SYSTEMPATH\Common.php(1169): CodeIgniter\View\View->render('ver-alertas', [], true)
 3 APPPATH\Controllers\ViewsControllers.php(26): view('ver-alertas')
 4 SYSTEMPATH\CodeIgniter.php(933): App\Controllers\ViewsControllers->VistaAlertas()
 5 SYSTEMPATH\CodeIgniter.php(509): CodeIgniter\CodeIgniter->runController(Object(App\Controllers\ViewsControllers))
 6 SYSTEMPATH\CodeIgniter.php(355): CodeIgniter\CodeIgniter->handleRequest(null, Object(Config\Cache), false)
 7 SYSTEMPATH\Boot.php(325): CodeIgniter\CodeIgniter->run()
 8 SYSTEMPATH\Boot.php(67): CodeIgniter\Boot::runCodeIgniter(Object(CodeIgniter\CodeIgniter))
 9 FCPATH\index.php(56): CodeIgniter\Boot::bootWeb(Object(Config\Paths))
CRITICAL - 2024-11-20 15:54:24 --> ParseError: syntax error, unexpected token ","
[Method: GET, Route: ver-alertas]
in APPPATH\Views\ver-alertas.php on line 14.
 1 SYSTEMPATH\View\View.php(237): CodeIgniter\View\View->CodeIgniter\View\{closure}()
 2 SYSTEMPATH\Common.php(1169): CodeIgniter\View\View->render('ver-alertas', [], true)
 3 APPPATH\Controllers\ViewsControllers.php(26): view('ver-alertas')
 4 SYSTEMPATH\CodeIgniter.php(933): App\Controllers\ViewsControllers->VistaAlertas()
 5 SYSTEMPATH\CodeIgniter.php(509): CodeIgniter\CodeIgniter->runController(Object(App\Controllers\ViewsControllers))
 6 SYSTEMPATH\CodeIgniter.php(355): CodeIgniter\CodeIgniter->handleRequest(null, Object(Config\Cache), false)
 7 SYSTEMPATH\Boot.php(325): CodeIgniter\CodeIgniter->run()
 8 SYSTEMPATH\Boot.php(67): CodeIgniter\Boot::runCodeIgniter(Object(CodeIgniter\CodeIgniter))
 9 FCPATH\index.php(56): CodeIgniter\Boot::bootWeb(Object(Config\Paths))
CRITICAL - 2024-11-20 15:54:26 --> ParseError: syntax error, unexpected token ","
[Method: GET, Route: ver-alertas]
in APPPATH\Views\ver-alertas.php on line 14.
 1 SYSTEMPATH\View\View.php(237): CodeIgniter\View\View->CodeIgniter\View\{closure}()
 2 SYSTEMPATH\Common.php(1169): CodeIgniter\View\View->render('ver-alertas', [], true)
 3 APPPATH\Controllers\ViewsControllers.php(26): view('ver-alertas')
 4 SYSTEMPATH\CodeIgniter.php(933): App\Controllers\ViewsControllers->VistaAlertas()
 5 SYSTEMPATH\CodeIgniter.php(509): CodeIgniter\CodeIgniter->runController(Object(App\Controllers\ViewsControllers))
 6 SYSTEMPATH\CodeIgniter.php(355): CodeIgniter\CodeIgniter->handleRequest(null, Object(Config\Cache), false)
 7 SYSTEMPATH\Boot.php(325): CodeIgniter\CodeIgniter->run()
 8 SYSTEMPATH\Boot.php(67): CodeIgniter\Boot::runCodeIgniter(Object(CodeIgniter\CodeIgniter))
 9 FCPATH\index.php(56): CodeIgniter\Boot::bootWeb(Object(Config\Paths))
CRITICAL - 2024-11-20 15:55:40 --> ParseError: syntax error, unexpected token "!="
[Method: GET, Route: ver-alertas]
in APPPATH\Views\ver-alertas.php on line 14.
 1 SYSTEMPATH\View\View.php(237): CodeIgniter\View\View->CodeIgniter\View\{closure}()
 2 SYSTEMPATH\Common.php(1169): CodeIgniter\View\View->render('ver-alertas', [], true)
 3 APPPATH\Controllers\ViewsControllers.php(26): view('ver-alertas')
 4 SYSTEMPATH\CodeIgniter.php(933): App\Controllers\ViewsControllers->VistaAlertas()
 5 SYSTEMPATH\CodeIgniter.php(509): CodeIgniter\CodeIgniter->runController(Object(App\Controllers\ViewsControllers))
 6 SYSTEMPATH\CodeIgniter.php(355): CodeIgniter\CodeIgniter->handleRequest(null, Object(Config\Cache), false)
 7 SYSTEMPATH\Boot.php(325): CodeIgniter\CodeIgniter->run()
 8 SYSTEMPATH\Boot.php(67): CodeIgniter\Boot::runCodeIgniter(Object(CodeIgniter\CodeIgniter))
 9 FCPATH\index.php(56): CodeIgniter\Boot::bootWeb(Object(Config\Paths))
CRITICAL - 2024-11-20 15:56:33 --> ParseError: syntax error, unexpected token "="
[Method: GET, Route: ver-alertas]
in APPPATH\Views\ver-alertas.php on line 14.
 1 SYSTEMPATH\View\View.php(237): CodeIgniter\View\View->CodeIgniter\View\{closure}()
 2 SYSTEMPATH\Common.php(1169): CodeIgniter\View\View->render('ver-alertas', [], true)
 3 APPPATH\Controllers\ViewsControllers.php(26): view('ver-alertas')
 4 SYSTEMPATH\CodeIgniter.php(933): App\Controllers\ViewsControllers->VistaAlertas()
 5 SYSTEMPATH\CodeIgniter.php(509): CodeIgniter\CodeIgniter->runController(Object(App\Controllers\ViewsControllers))
 6 SYSTEMPATH\CodeIgniter.php(355): CodeIgniter\CodeIgniter->handleRequest(null, Object(Config\Cache), false)
 7 SYSTEMPATH\Boot.php(325): CodeIgniter\CodeIgniter->run()
 8 SYSTEMPATH\Boot.php(67): CodeIgniter\Boot::runCodeIgniter(Object(CodeIgniter\CodeIgniter))
 9 FCPATH\index.php(56): CodeIgniter\Boot::bootWeb(Object(Config\Paths))
CRITICAL - 2024-11-20 16:02:22 --> ParseError: syntax error, unexpected variable "$session"
[Method: GET, Route: ver-alertas]
in APPPATH\Views\ver-alertas.php on line 14.
 1 SYSTEMPATH\View\View.php(237): CodeIgniter\View\View->CodeIgniter\View\{closure}()
 2 SYSTEMPATH\Common.php(1169): CodeIgniter\View\View->render('ver-alertas', [], true)
 3 APPPATH\Controllers\ViewsControllers.php(26): view('ver-alertas')
 4 SYSTEMPATH\CodeIgniter.php(933): App\Controllers\ViewsControllers->VistaAlertas()
 5 SYSTEMPATH\CodeIgniter.php(509): CodeIgniter\CodeIgniter->runController(Object(App\Controllers\ViewsControllers))
 6 SYSTEMPATH\CodeIgniter.php(355): CodeIgniter\CodeIgniter->handleRequest(null, Object(Config\Cache), false)
 7 SYSTEMPATH\Boot.php(325): CodeIgniter\CodeIgniter->run()
 8 SYSTEMPATH\Boot.php(67): CodeIgniter\Boot::runCodeIgniter(Object(CodeIgniter\CodeIgniter))
 9 FCPATH\index.php(56): CodeIgniter\Boot::bootWeb(Object(Config\Paths))
CRITICAL - 2024-11-20 16:28:23 --> ErrorException: Undefined variable $user
[Method: GET, Route: register]
in APPPATH\Views\register.php on line 248.
 1 APPPATH\Views\register.php(248): CodeIgniter\Debug\Exceptions->errorHandler(2, 'Undefined variable $user', 'C:\\xampp\\htdocs\\cosas\\Prueba\\app\\Views\\register.php', 248)
 2 SYSTEMPATH\View\View.php(234): include('C:\\xampp\\htdocs\\cosas\\Prueba\\app\\Views\\register.php')
 3 SYSTEMPATH\View\View.php(237): CodeIgniter\View\View->CodeIgniter\View\{closure}()
 4 SYSTEMPATH\Common.php(1169): CodeIgniter\View\View->render('register', [], true)
 5 APPPATH\Controllers\AuthController.php(91): view('register')
 6 SYSTEMPATH\CodeIgniter.php(933): App\Controllers\AuthController->registro()
 7 SYSTEMPATH\CodeIgniter.php(509): CodeIgniter\CodeIgniter->runController(Object(App\Controllers\AuthController))
 8 SYSTEMPATH\CodeIgniter.php(355): CodeIgniter\CodeIgniter->handleRequest(null, Object(Config\Cache), false)
 9 SYSTEMPATH\Boot.php(325): CodeIgniter\CodeIgniter->run()
10 SYSTEMPATH\Boot.php(67): CodeIgniter\Boot::runCodeIgniter(Object(CodeIgniter\CodeIgniter))
11 FCPATH\index.php(56): CodeIgniter\Boot::bootWeb(Object(Config\Paths))
CRITICAL - 2024-11-20 16:30:36 --> ErrorException: Undefined variable $user
[Method: GET, Route: register]
in APPPATH\Views\register.php on line 249.
 1 APPPATH\Views\register.php(249): CodeIgniter\Debug\Exceptions->errorHandler(2, 'Undefined variable $user', 'C:\\xampp\\htdocs\\cosas\\Prueba\\app\\Views\\register.php', 249)
 2 SYSTEMPATH\View\View.php(234): include('C:\\xampp\\htdocs\\cosas\\Prueba\\app\\Views\\register.php')
 3 SYSTEMPATH\View\View.php(237): CodeIgniter\View\View->CodeIgniter\View\{closure}()
 4 SYSTEMPATH\Common.php(1169): CodeIgniter\View\View->render('register', [], true)
 5 APPPATH\Controllers\AuthController.php(91): view('register')
 6 SYSTEMPATH\CodeIgniter.php(933): App\Controllers\AuthController->registro()
 7 SYSTEMPATH\CodeIgniter.php(509): CodeIgniter\CodeIgniter->runController(Object(App\Controllers\AuthController))
 8 SYSTEMPATH\CodeIgniter.php(355): CodeIgniter\CodeIgniter->handleRequest(null, Object(Config\Cache), false)
 9 SYSTEMPATH\Boot.php(325): CodeIgniter\CodeIgniter->run()
10 SYSTEMPATH\Boot.php(67): CodeIgniter\Boot::runCodeIgniter(Object(CodeIgniter\CodeIgniter))
11 FCPATH\index.php(56): CodeIgniter\Boot::bootWeb(Object(Config\Paths))
CRITICAL - 2024-11-20 16:33:51 --> ErrorException: Undefined variable $user
[Method: GET, Route: register]
in APPPATH\Views\register.php on line 249.
 1 APPPATH\Views\register.php(249): CodeIgniter\Debug\Exceptions->errorHandler(2, 'Undefined variable $user', 'C:\\xampp\\htdocs\\cosas\\Prueba\\app\\Views\\register.php', 249)
 2 SYSTEMPATH\View\View.php(234): include('C:\\xampp\\htdocs\\cosas\\Prueba\\app\\Views\\register.php')
 3 SYSTEMPATH\View\View.php(237): CodeIgniter\View\View->CodeIgniter\View\{closure}()
 4 SYSTEMPATH\Common.php(1169): CodeIgniter\View\View->render('register', [], true)
 5 APPPATH\Controllers\AuthController.php(91): view('register')
 6 SYSTEMPATH\CodeIgniter.php(933): App\Controllers\AuthController->registro()
 7 SYSTEMPATH\CodeIgniter.php(509): CodeIgniter\CodeIgniter->runController(Object(App\Controllers\AuthController))
 8 SYSTEMPATH\CodeIgniter.php(355): CodeIgniter\CodeIgniter->handleRequest(null, Object(Config\Cache), false)
 9 SYSTEMPATH\Boot.php(325): CodeIgniter\CodeIgniter->run()
10 SYSTEMPATH\Boot.php(67): CodeIgniter\Boot::runCodeIgniter(Object(CodeIgniter\CodeIgniter))
11 FCPATH\index.php(56): CodeIgniter\Boot::bootWeb(Object(Config\Paths))
