INFO - 2024-10-25 14:17:28 --> Session: Class initialized using 'CodeIgniter\Session\Handlers\FileHandler' driver.
INFO - 2024-10-25 14:17:29 --> Session: Class initialized using 'CodeIgniter\Session\Handlers\FileHandler' driver.
INFO - 2024-10-25 14:20:31 --> Session: Class initialized using 'CodeIgniter\Session\Handlers\FileHandler' driver.
INFO - 2024-10-25 14:20:37 --> Session: Class initialized using 'CodeIgniter\Session\Handlers\FileHandler' driver.
INFO - 2024-10-25 14:20:43 --> Session: Class initialized using 'CodeIgniter\Session\Handlers\FileHandler' driver.
INFO - 2024-10-25 14:20:46 --> Session: Class initialized using 'CodeIgniter\Session\Handlers\FileHandler' driver.
INFO - 2024-10-25 14:20:48 --> Session: Class initialized using 'CodeIgniter\Session\Handlers\FileHandler' driver.
INFO - 2024-10-25 14:23:05 --> Session: Class initialized using 'CodeIgniter\Session\Handlers\FileHandler' driver.
INFO - 2024-10-25 14:28:24 --> Session: Class initialized using 'CodeIgniter\Session\Handlers\FileHandler' driver.
INFO - 2024-10-25 14:28:26 --> Session: Class initialized using 'CodeIgniter\Session\Handlers\FileHandler' driver.
CRITICAL - 2024-10-25 14:52:35 --> ErrorException: Undefined variable $accesos
[Method: GET, Route: ver-accesos-tarjeta]
in APPPATH\Views\ver-accesos-tarjeta.php on line 9.
 1 APPPATH\Views\ver-accesos-tarjeta.php(9): CodeIgniter\Debug\Exceptions->errorHandler(2, 'Undefined variable $accesos', 'C:\\xampp\\htdocs\\cosas\\Prueba\\app\\Views\\ver-accesos-tarjeta.php', 9)
 2 SYSTEMPATH\View\View.php(234): include('C:\\xampp\\htdocs\\cosas\\Prueba\\app\\Views\\ver-accesos-tarjeta.php')
 3 SYSTEMPATH\View\View.php(237): CodeIgniter\View\View->CodeIgniter\View\{closure}()
 4 SYSTEMPATH\Common.php(1169): CodeIgniter\View\View->render('ver-accesos-tarjeta', [], true)
 5 APPPATH\Controllers\ViewsControllers.php(30): view('ver-accesos-tarjeta')
 6 SYSTEMPATH\CodeIgniter.php(933): App\Controllers\ViewsControllers->VistaAccesos()
 7 SYSTEMPATH\CodeIgniter.php(509): CodeIgniter\CodeIgniter->runController(Object(App\Controllers\ViewsControllers))
 8 SYSTEMPATH\CodeIgniter.php(355): CodeIgniter\CodeIgniter->handleRequest(null, Object(Config\Cache), false)
 9 SYSTEMPATH\Boot.php(325): CodeIgniter\CodeIgniter->run()
10 SYSTEMPATH\Boot.php(67): CodeIgniter\Boot::runCodeIgniter(Object(CodeIgniter\CodeIgniter))
11 FCPATH\index.php(56): CodeIgniter\Boot::bootWeb(Object(Config\Paths))
INFO - 2024-10-25 14:52:36 --> Session: Class initialized using 'CodeIgniter\Session\Handlers\FileHandler' driver.
INFO - 2024-10-25 14:52:38 --> Session: Class initialized using 'CodeIgniter\Session\Handlers\FileHandler' driver.
CRITICAL - 2024-10-25 14:52:41 --> ErrorException: Undefined variable $accesos
[Method: GET, Route: ver-accesos-tarjeta]
in APPPATH\Views\ver-accesos-tarjeta.php on line 9.
 1 APPPATH\Views\ver-accesos-tarjeta.php(9): CodeIgniter\Debug\Exceptions->errorHandler(2, 'Undefined variable $accesos', 'C:\\xampp\\htdocs\\cosas\\Prueba\\app\\Views\\ver-accesos-tarjeta.php', 9)
 2 SYSTEMPATH\View\View.php(234): include('C:\\xampp\\htdocs\\cosas\\Prueba\\app\\Views\\ver-accesos-tarjeta.php')
 3 SYSTEMPATH\View\View.php(237): CodeIgniter\View\View->CodeIgniter\View\{closure}()
 4 SYSTEMPATH\Common.php(1169): CodeIgniter\View\View->render('ver-accesos-tarjeta', [], true)
 5 APPPATH\Controllers\ViewsControllers.php(30): view('ver-accesos-tarjeta')
 6 SYSTEMPATH\CodeIgniter.php(933): App\Controllers\ViewsControllers->VistaAccesos()
 7 SYSTEMPATH\CodeIgniter.php(509): CodeIgniter\CodeIgniter->runController(Object(App\Controllers\ViewsControllers))
 8 SYSTEMPATH\CodeIgniter.php(355): CodeIgniter\CodeIgniter->handleRequest(null, Object(Config\Cache), false)
 9 SYSTEMPATH\Boot.php(325): CodeIgniter\CodeIgniter->run()
10 SYSTEMPATH\Boot.php(67): CodeIgniter\Boot::runCodeIgniter(Object(CodeIgniter\CodeIgniter))
11 FCPATH\index.php(56): CodeIgniter\Boot::bootWeb(Object(Config\Paths))
INFO - 2024-10-25 14:54:55 --> Session: Class initialized using 'CodeIgniter\Session\Handlers\FileHandler' driver.
CRITICAL - 2024-10-25 14:54:59 --> ErrorException: Undefined variable $accesos
[Method: GET, Route: ver-accesos-tarjeta]
in APPPATH\Views\ver-accesos-tarjeta.php on line 9.
 1 APPPATH\Views\ver-accesos-tarjeta.php(9): CodeIgniter\Debug\Exceptions->errorHandler(2, 'Undefined variable $accesos', 'C:\\xampp\\htdocs\\cosas\\Prueba\\app\\Views\\ver-accesos-tarjeta.php', 9)
 2 SYSTEMPATH\View\View.php(234): include('C:\\xampp\\htdocs\\cosas\\Prueba\\app\\Views\\ver-accesos-tarjeta.php')
 3 SYSTEMPATH\View\View.php(237): CodeIgniter\View\View->CodeIgniter\View\{closure}()
 4 SYSTEMPATH\Common.php(1169): CodeIgniter\View\View->render('ver-accesos-tarjeta', [], true)
 5 APPPATH\Controllers\ViewsControllers.php(30): view('ver-accesos-tarjeta')
 6 SYSTEMPATH\CodeIgniter.php(933): App\Controllers\ViewsControllers->VistaAccesos()
 7 SYSTEMPATH\CodeIgniter.php(509): CodeIgniter\CodeIgniter->runController(Object(App\Controllers\ViewsControllers))
 8 SYSTEMPATH\CodeIgniter.php(355): CodeIgniter\CodeIgniter->handleRequest(null, Object(Config\Cache), false)
 9 SYSTEMPATH\Boot.php(325): CodeIgniter\CodeIgniter->run()
10 SYSTEMPATH\Boot.php(67): CodeIgniter\Boot::runCodeIgniter(Object(CodeIgniter\CodeIgniter))
11 FCPATH\index.php(56): CodeIgniter\Boot::bootWeb(Object(Config\Paths))
INFO - 2024-10-25 14:56:10 --> Session: Class initialized using 'CodeIgniter\Session\Handlers\FileHandler' driver.
INFO - 2024-10-25 14:57:41 --> Session: Class initialized using 'CodeIgniter\Session\Handlers\FileHandler' driver.
ERROR - 2024-10-25 14:58:21 --> mysqli_sql_exception: Cannot add or update a child row: a foreign key constraint fails (`codeigniter4_bd`.`registro_acceso_rf`, CONSTRAINT `registro_acceso_rf_ibfk_1` FOREIGN KEY (`ID_Usuario`) REFERENCES `usuario` (`ID_Usuario`)) in C:\xampp\htdocs\cosas\Prueba\system\Database\MySQLi\Connection.php:312
Stack trace:
#0 C:\xampp\htdocs\cosas\Prueba\system\Database\MySQLi\Connection.php(312): mysqli->query('INSERT INTO `re...', 0)
#1 C:\xampp\htdocs\cosas\Prueba\system\Database\BaseConnection.php(734): CodeIgniter\Database\MySQLi\Connection->execute('INSERT INTO `re...')
#2 C:\xampp\htdocs\cosas\Prueba\system\Database\BaseConnection.php(648): CodeIgniter\Database\BaseConnection->simpleQuery('INSERT INTO `re...')
#3 C:\xampp\htdocs\cosas\Prueba\system\Database\BaseBuilder.php(2340): CodeIgniter\Database\BaseConnection->query('INSERT INTO `re...', Array, false)
#4 C:\xampp\htdocs\cosas\Prueba\system\Model.php(394): CodeIgniter\Database\BaseBuilder->insert()
#5 C:\xampp\htdocs\cosas\Prueba\system\BaseModel.php(840): CodeIgniter\Model->doInsert(Array)
#6 C:\xampp\htdocs\cosas\Prueba\system\Model.php(802): CodeIgniter\BaseModel->insert(Array, true)
#7 C:\xampp\htdocs\cosas\Prueba\app\Controllers\AccessModels.php(29): CodeIgniter\Model->insert(Array)
#8 C:\xampp\htdocs\cosas\Prueba\system\CodeIgniter.php(933): App\Controllers\AccessModels->registrarAcceso()
#9 C:\xampp\htdocs\cosas\Prueba\system\CodeIgniter.php(509): CodeIgniter\CodeIgniter->runController(Object(App\Controllers\AccessModels))
#10 C:\xampp\htdocs\cosas\Prueba\system\CodeIgniter.php(355): CodeIgniter\CodeIgniter->handleRequest(NULL, Object(Config\Cache), false)
#11 C:\xampp\htdocs\cosas\Prueba\system\Boot.php(325): CodeIgniter\CodeIgniter->run()
#12 C:\xampp\htdocs\cosas\Prueba\system\Boot.php(67): CodeIgniter\Boot::runCodeIgniter(Object(CodeIgniter\CodeIgniter))
#13 C:\xampp\htdocs\cosas\Prueba\public\index.php(56): CodeIgniter\Boot::bootWeb(Object(Config\Paths))
#14 {main}
CRITICAL - 2024-10-25 14:58:21 --> CodeIgniter\Database\Exceptions\DatabaseException: Cannot add or update a child row: a foreign key constraint fails (`codeigniter4_bd`.`registro_acceso_rf`, CONSTRAINT `registro_acceso_rf_ibfk_1` FOREIGN KEY (`ID_Usuario`) REFERENCES `usuario` (`ID_Usuario`))
[Method: POST, Route: registrar-acceso]
in SYSTEMPATH\Database\BaseConnection.php on line 688.
 1 SYSTEMPATH\Database\BaseBuilder.php(2340): CodeIgniter\Database\BaseConnection->query('INSERT INTO `registro_acceso_rf` (`Fecha_Hora`, `Resultado`, `Accion_Tomada`, `ID_Usuario`, `ID_Sistema`) VALUES (:Fecha_Hora:, :Resultado:, :Accion_Tomada:, :ID_Usuario:, :ID_Sistema:)', [...], false)
 2 SYSTEMPATH\Model.php(394): CodeIgniter\Database\BaseBuilder->insert()
 3 SYSTEMPATH\BaseModel.php(840): CodeIgniter\Model->doInsert([...])
 4 SYSTEMPATH\Model.php(802): CodeIgniter\BaseModel->insert([...], true)
 5 APPPATH\Controllers\AccessModels.php(29): CodeIgniter\Model->insert([...])
 6 SYSTEMPATH\CodeIgniter.php(933): App\Controllers\AccessModels->registrarAcceso()
 7 SYSTEMPATH\CodeIgniter.php(509): CodeIgniter\CodeIgniter->runController(Object(App\Controllers\AccessModels))
 8 SYSTEMPATH\CodeIgniter.php(355): CodeIgniter\CodeIgniter->handleRequest(null, Object(Config\Cache), false)
 9 SYSTEMPATH\Boot.php(325): CodeIgniter\CodeIgniter->run()
10 SYSTEMPATH\Boot.php(67): CodeIgniter\Boot::runCodeIgniter(Object(CodeIgniter\CodeIgniter))
11 FCPATH\index.php(56): CodeIgniter\Boot::bootWeb(Object(Config\Paths))
CRITICAL - 2024-10-25 14:58:21 --> [Caused by] CodeIgniter\Database\Exceptions\DatabaseException: Cannot add or update a child row: a foreign key constraint fails (`codeigniter4_bd`.`registro_acceso_rf`, CONSTRAINT `registro_acceso_rf_ibfk_1` FOREIGN KEY (`ID_Usuario`) REFERENCES `usuario` (`ID_Usuario`))
in SYSTEMPATH\Database\MySQLi\Connection.php on line 317.
 1 SYSTEMPATH\Database\BaseConnection.php(734): CodeIgniter\Database\MySQLi\Connection->execute('INSERT INTO `registro_acceso_rf` (`Fecha_Hora`, `Resultado`, `Accion_Tomada`, `ID_Usuario`, `ID_Sistema`) VALUES (\'2024-10-25 14:58:21\', \'Acceso concedido\', \'Ingreso\', 1, 1)')
 2 SYSTEMPATH\Database\BaseConnection.php(648): CodeIgniter\Database\BaseConnection->simpleQuery('INSERT INTO `registro_acceso_rf` (`Fecha_Hora`, `Resultado`, `Accion_Tomada`, `ID_Usuario`, `ID_Sistema`) VALUES (\'2024-10-25 14:58:21\', \'Acceso concedido\', \'Ingreso\', 1, 1)')
 3 SYSTEMPATH\Database\BaseBuilder.php(2340): CodeIgniter\Database\BaseConnection->query('INSERT INTO `registro_acceso_rf` (`Fecha_Hora`, `Resultado`, `Accion_Tomada`, `ID_Usuario`, `ID_Sistema`) VALUES (:Fecha_Hora:, :Resultado:, :Accion_Tomada:, :ID_Usuario:, :ID_Sistema:)', [...], false)
 4 SYSTEMPATH\Model.php(394): CodeIgniter\Database\BaseBuilder->insert()
 5 SYSTEMPATH\BaseModel.php(840): CodeIgniter\Model->doInsert([...])
 6 SYSTEMPATH\Model.php(802): CodeIgniter\BaseModel->insert([...], true)
 7 APPPATH\Controllers\AccessModels.php(29): CodeIgniter\Model->insert([...])
 8 SYSTEMPATH\CodeIgniter.php(933): App\Controllers\AccessModels->registrarAcceso()
 9 SYSTEMPATH\CodeIgniter.php(509): CodeIgniter\CodeIgniter->runController(Object(App\Controllers\AccessModels))
10 SYSTEMPATH\CodeIgniter.php(355): CodeIgniter\CodeIgniter->handleRequest(null, Object(Config\Cache), false)
11 SYSTEMPATH\Boot.php(325): CodeIgniter\CodeIgniter->run()
12 SYSTEMPATH\Boot.php(67): CodeIgniter\Boot::runCodeIgniter(Object(CodeIgniter\CodeIgniter))
13 FCPATH\index.php(56): CodeIgniter\Boot::bootWeb(Object(Config\Paths))
CRITICAL - 2024-10-25 14:58:21 --> [Caused by] mysqli_sql_exception: Cannot add or update a child row: a foreign key constraint fails (`codeigniter4_bd`.`registro_acceso_rf`, CONSTRAINT `registro_acceso_rf_ibfk_1` FOREIGN KEY (`ID_Usuario`) REFERENCES `usuario` (`ID_Usuario`))
in SYSTEMPATH\Database\MySQLi\Connection.php on line 312.
 1 SYSTEMPATH\Database\MySQLi\Connection.php(312): mysqli->query('INSERT INTO `registro_acceso_rf` (`Fecha_Hora`, `Resultado`, `Accion_Tomada`, `ID_Usuario`, `ID_Sistema`) VALUES (\'2024-10-25 14:58:21\', \'Acceso concedido\', \'Ingreso\', 1, 1)', 0)
 2 SYSTEMPATH\Database\BaseConnection.php(734): CodeIgniter\Database\MySQLi\Connection->execute('INSERT INTO `registro_acceso_rf` (`Fecha_Hora`, `Resultado`, `Accion_Tomada`, `ID_Usuario`, `ID_Sistema`) VALUES (\'2024-10-25 14:58:21\', \'Acceso concedido\', \'Ingreso\', 1, 1)')
 3 SYSTEMPATH\Database\BaseConnection.php(648): CodeIgniter\Database\BaseConnection->simpleQuery('INSERT INTO `registro_acceso_rf` (`Fecha_Hora`, `Resultado`, `Accion_Tomada`, `ID_Usuario`, `ID_Sistema`) VALUES (\'2024-10-25 14:58:21\', \'Acceso concedido\', \'Ingreso\', 1, 1)')
 4 SYSTEMPATH\Database\BaseBuilder.php(2340): CodeIgniter\Database\BaseConnection->query('INSERT INTO `registro_acceso_rf` (`Fecha_Hora`, `Resultado`, `Accion_Tomada`, `ID_Usuario`, `ID_Sistema`) VALUES (:Fecha_Hora:, :Resultado:, :Accion_Tomada:, :ID_Usuario:, :ID_Sistema:)', [...], false)
 5 SYSTEMPATH\Model.php(394): CodeIgniter\Database\BaseBuilder->insert()
 6 SYSTEMPATH\BaseModel.php(840): CodeIgniter\Model->doInsert([...])
 7 SYSTEMPATH\Model.php(802): CodeIgniter\BaseModel->insert([...], true)
 8 APPPATH\Controllers\AccessModels.php(29): CodeIgniter\Model->insert([...])
 9 SYSTEMPATH\CodeIgniter.php(933): App\Controllers\AccessModels->registrarAcceso()
10 SYSTEMPATH\CodeIgniter.php(509): CodeIgniter\CodeIgniter->runController(Object(App\Controllers\AccessModels))
11 SYSTEMPATH\CodeIgniter.php(355): CodeIgniter\CodeIgniter->handleRequest(null, Object(Config\Cache), false)
12 SYSTEMPATH\Boot.php(325): CodeIgniter\CodeIgniter->run()
13 SYSTEMPATH\Boot.php(67): CodeIgniter\Boot::runCodeIgniter(Object(CodeIgniter\CodeIgniter))
14 FCPATH\index.php(56): CodeIgniter\Boot::bootWeb(Object(Config\Paths))
INFO - 2024-10-25 14:58:28 --> Session: Class initialized using 'CodeIgniter\Session\Handlers\FileHandler' driver.
ERROR - 2024-10-25 15:01:25 --> mysqli_sql_exception: Cannot add or update a child row: a foreign key constraint fails (`codeigniter4_bd`.`registro_acceso_rf`, CONSTRAINT `registro_acceso_rf_ibfk_1` FOREIGN KEY (`ID_Usuario`) REFERENCES `usuario` (`ID_Usuario`)) in C:\xampp\htdocs\cosas\Prueba\system\Database\MySQLi\Connection.php:312
Stack trace:
#0 C:\xampp\htdocs\cosas\Prueba\system\Database\MySQLi\Connection.php(312): mysqli->query('INSERT INTO `re...', 0)
#1 C:\xampp\htdocs\cosas\Prueba\system\Database\BaseConnection.php(734): CodeIgniter\Database\MySQLi\Connection->execute('INSERT INTO `re...')
#2 C:\xampp\htdocs\cosas\Prueba\system\Database\BaseConnection.php(648): CodeIgniter\Database\BaseConnection->simpleQuery('INSERT INTO `re...')
#3 C:\xampp\htdocs\cosas\Prueba\system\Database\BaseBuilder.php(2340): CodeIgniter\Database\BaseConnection->query('INSERT INTO `re...', Array, false)
#4 C:\xampp\htdocs\cosas\Prueba\system\Model.php(394): CodeIgniter\Database\BaseBuilder->insert()
#5 C:\xampp\htdocs\cosas\Prueba\system\BaseModel.php(840): CodeIgniter\Model->doInsert(Array)
#6 C:\xampp\htdocs\cosas\Prueba\system\Model.php(802): CodeIgniter\BaseModel->insert(Array, true)
#7 C:\xampp\htdocs\cosas\Prueba\app\Controllers\AccessModels.php(35): CodeIgniter\Model->insert(Array)
#8 C:\xampp\htdocs\cosas\Prueba\system\CodeIgniter.php(933): App\Controllers\AccessModels->registrarAcceso()
#9 C:\xampp\htdocs\cosas\Prueba\system\CodeIgniter.php(509): CodeIgniter\CodeIgniter->runController(Object(App\Controllers\AccessModels))
#10 C:\xampp\htdocs\cosas\Prueba\system\CodeIgniter.php(355): CodeIgniter\CodeIgniter->handleRequest(NULL, Object(Config\Cache), false)
#11 C:\xampp\htdocs\cosas\Prueba\system\Boot.php(325): CodeIgniter\CodeIgniter->run()
#12 C:\xampp\htdocs\cosas\Prueba\system\Boot.php(67): CodeIgniter\Boot::runCodeIgniter(Object(CodeIgniter\CodeIgniter))
#13 C:\xampp\htdocs\cosas\Prueba\public\index.php(56): CodeIgniter\Boot::bootWeb(Object(Config\Paths))
#14 {main}
CRITICAL - 2024-10-25 15:01:25 --> CodeIgniter\Database\Exceptions\DatabaseException: Cannot add or update a child row: a foreign key constraint fails (`codeigniter4_bd`.`registro_acceso_rf`, CONSTRAINT `registro_acceso_rf_ibfk_1` FOREIGN KEY (`ID_Usuario`) REFERENCES `usuario` (`ID_Usuario`))
[Method: POST, Route: registrar-acceso]
in SYSTEMPATH\Database\BaseConnection.php on line 688.
 1 SYSTEMPATH\Database\BaseBuilder.php(2340): CodeIgniter\Database\BaseConnection->query('INSERT INTO `registro_acceso_rf` (`Fecha_Hora`, `Resultado`, `Accion_Tomada`, `ID_Usuario`, `ID_Sistema`) VALUES (:Fecha_Hora:, :Resultado:, :Accion_Tomada:, :ID_Usuario:, :ID_Sistema:)', [...], false)
 2 SYSTEMPATH\Model.php(394): CodeIgniter\Database\BaseBuilder->insert()
 3 SYSTEMPATH\BaseModel.php(840): CodeIgniter\Model->doInsert([...])
 4 SYSTEMPATH\Model.php(802): CodeIgniter\BaseModel->insert([...], true)
 5 APPPATH\Controllers\AccessModels.php(35): CodeIgniter\Model->insert([...])
 6 SYSTEMPATH\CodeIgniter.php(933): App\Controllers\AccessModels->registrarAcceso()
 7 SYSTEMPATH\CodeIgniter.php(509): CodeIgniter\CodeIgniter->runController(Object(App\Controllers\AccessModels))
 8 SYSTEMPATH\CodeIgniter.php(355): CodeIgniter\CodeIgniter->handleRequest(null, Object(Config\Cache), false)
 9 SYSTEMPATH\Boot.php(325): CodeIgniter\CodeIgniter->run()
10 SYSTEMPATH\Boot.php(67): CodeIgniter\Boot::runCodeIgniter(Object(CodeIgniter\CodeIgniter))
11 FCPATH\index.php(56): CodeIgniter\Boot::bootWeb(Object(Config\Paths))
CRITICAL - 2024-10-25 15:01:25 --> [Caused by] CodeIgniter\Database\Exceptions\DatabaseException: Cannot add or update a child row: a foreign key constraint fails (`codeigniter4_bd`.`registro_acceso_rf`, CONSTRAINT `registro_acceso_rf_ibfk_1` FOREIGN KEY (`ID_Usuario`) REFERENCES `usuario` (`ID_Usuario`))
in SYSTEMPATH\Database\MySQLi\Connection.php on line 317.
 1 SYSTEMPATH\Database\BaseConnection.php(734): CodeIgniter\Database\MySQLi\Connection->execute('INSERT INTO `registro_acceso_rf` (`Fecha_Hora`, `Resultado`, `Accion_Tomada`, `ID_Usuario`, `ID_Sistema`) VALUES (\'2024-10-25 15:01:25\', \'Acceso concedido\', \'Ingreso\', 1, 1)')
 2 SYSTEMPATH\Database\BaseConnection.php(648): CodeIgniter\Database\BaseConnection->simpleQuery('INSERT INTO `registro_acceso_rf` (`Fecha_Hora`, `Resultado`, `Accion_Tomada`, `ID_Usuario`, `ID_Sistema`) VALUES (\'2024-10-25 15:01:25\', \'Acceso concedido\', \'Ingreso\', 1, 1)')
 3 SYSTEMPATH\Database\BaseBuilder.php(2340): CodeIgniter\Database\BaseConnection->query('INSERT INTO `registro_acceso_rf` (`Fecha_Hora`, `Resultado`, `Accion_Tomada`, `ID_Usuario`, `ID_Sistema`) VALUES (:Fecha_Hora:, :Resultado:, :Accion_Tomada:, :ID_Usuario:, :ID_Sistema:)', [...], false)
 4 SYSTEMPATH\Model.php(394): CodeIgniter\Database\BaseBuilder->insert()
 5 SYSTEMPATH\BaseModel.php(840): CodeIgniter\Model->doInsert([...])
 6 SYSTEMPATH\Model.php(802): CodeIgniter\BaseModel->insert([...], true)
 7 APPPATH\Controllers\AccessModels.php(35): CodeIgniter\Model->insert([...])
 8 SYSTEMPATH\CodeIgniter.php(933): App\Controllers\AccessModels->registrarAcceso()
 9 SYSTEMPATH\CodeIgniter.php(509): CodeIgniter\CodeIgniter->runController(Object(App\Controllers\AccessModels))
10 SYSTEMPATH\CodeIgniter.php(355): CodeIgniter\CodeIgniter->handleRequest(null, Object(Config\Cache), false)
11 SYSTEMPATH\Boot.php(325): CodeIgniter\CodeIgniter->run()
12 SYSTEMPATH\Boot.php(67): CodeIgniter\Boot::runCodeIgniter(Object(CodeIgniter\CodeIgniter))
13 FCPATH\index.php(56): CodeIgniter\Boot::bootWeb(Object(Config\Paths))
CRITICAL - 2024-10-25 15:01:25 --> [Caused by] mysqli_sql_exception: Cannot add or update a child row: a foreign key constraint fails (`codeigniter4_bd`.`registro_acceso_rf`, CONSTRAINT `registro_acceso_rf_ibfk_1` FOREIGN KEY (`ID_Usuario`) REFERENCES `usuario` (`ID_Usuario`))
in SYSTEMPATH\Database\MySQLi\Connection.php on line 312.
 1 SYSTEMPATH\Database\MySQLi\Connection.php(312): mysqli->query('INSERT INTO `registro_acceso_rf` (`Fecha_Hora`, `Resultado`, `Accion_Tomada`, `ID_Usuario`, `ID_Sistema`) VALUES (\'2024-10-25 15:01:25\', \'Acceso concedido\', \'Ingreso\', 1, 1)', 0)
 2 SYSTEMPATH\Database\BaseConnection.php(734): CodeIgniter\Database\MySQLi\Connection->execute('INSERT INTO `registro_acceso_rf` (`Fecha_Hora`, `Resultado`, `Accion_Tomada`, `ID_Usuario`, `ID_Sistema`) VALUES (\'2024-10-25 15:01:25\', \'Acceso concedido\', \'Ingreso\', 1, 1)')
 3 SYSTEMPATH\Database\BaseConnection.php(648): CodeIgniter\Database\BaseConnection->simpleQuery('INSERT INTO `registro_acceso_rf` (`Fecha_Hora`, `Resultado`, `Accion_Tomada`, `ID_Usuario`, `ID_Sistema`) VALUES (\'2024-10-25 15:01:25\', \'Acceso concedido\', \'Ingreso\', 1, 1)')
 4 SYSTEMPATH\Database\BaseBuilder.php(2340): CodeIgniter\Database\BaseConnection->query('INSERT INTO `registro_acceso_rf` (`Fecha_Hora`, `Resultado`, `Accion_Tomada`, `ID_Usuario`, `ID_Sistema`) VALUES (:Fecha_Hora:, :Resultado:, :Accion_Tomada:, :ID_Usuario:, :ID_Sistema:)', [...], false)
 5 SYSTEMPATH\Model.php(394): CodeIgniter\Database\BaseBuilder->insert()
 6 SYSTEMPATH\BaseModel.php(840): CodeIgniter\Model->doInsert([...])
 7 SYSTEMPATH\Model.php(802): CodeIgniter\BaseModel->insert([...], true)
 8 APPPATH\Controllers\AccessModels.php(35): CodeIgniter\Model->insert([...])
 9 SYSTEMPATH\CodeIgniter.php(933): App\Controllers\AccessModels->registrarAcceso()
10 SYSTEMPATH\CodeIgniter.php(509): CodeIgniter\CodeIgniter->runController(Object(App\Controllers\AccessModels))
11 SYSTEMPATH\CodeIgniter.php(355): CodeIgniter\CodeIgniter->handleRequest(null, Object(Config\Cache), false)
12 SYSTEMPATH\Boot.php(325): CodeIgniter\CodeIgniter->run()
13 SYSTEMPATH\Boot.php(67): CodeIgniter\Boot::runCodeIgniter(Object(CodeIgniter\CodeIgniter))
14 FCPATH\index.php(56): CodeIgniter\Boot::bootWeb(Object(Config\Paths))
ERROR - 2024-10-25 15:04:55 --> mysqli_sql_exception: Cannot add or update a child row: a foreign key constraint fails (`codeigniter4_bd`.`registro_acceso_rf`, CONSTRAINT `registro_acceso_rf_ibfk_1` FOREIGN KEY (`ID_Usuario`) REFERENCES `usuario` (`ID_Usuario`)) in C:\xampp\htdocs\cosas\Prueba\system\Database\MySQLi\Connection.php:312
Stack trace:
#0 C:\xampp\htdocs\cosas\Prueba\system\Database\MySQLi\Connection.php(312): mysqli->query('INSERT INTO `re...', 0)
#1 C:\xampp\htdocs\cosas\Prueba\system\Database\BaseConnection.php(734): CodeIgniter\Database\MySQLi\Connection->execute('INSERT INTO `re...')
#2 C:\xampp\htdocs\cosas\Prueba\system\Database\BaseConnection.php(648): CodeIgniter\Database\BaseConnection->simpleQuery('INSERT INTO `re...')
#3 C:\xampp\htdocs\cosas\Prueba\system\Database\BaseBuilder.php(2340): CodeIgniter\Database\BaseConnection->query('INSERT INTO `re...', Array, false)
#4 C:\xampp\htdocs\cosas\Prueba\system\Model.php(394): CodeIgniter\Database\BaseBuilder->insert()
#5 C:\xampp\htdocs\cosas\Prueba\system\BaseModel.php(840): CodeIgniter\Model->doInsert(Array)
#6 C:\xampp\htdocs\cosas\Prueba\system\Model.php(802): CodeIgniter\BaseModel->insert(Array, true)
#7 C:\xampp\htdocs\cosas\Prueba\app\Controllers\AccessModels.php(33): CodeIgniter\Model->insert(Array)
#8 C:\xampp\htdocs\cosas\Prueba\system\CodeIgniter.php(933): App\Controllers\AccessModels->registrarAcceso()
#9 C:\xampp\htdocs\cosas\Prueba\system\CodeIgniter.php(509): CodeIgniter\CodeIgniter->runController(Object(App\Controllers\AccessModels))
#10 C:\xampp\htdocs\cosas\Prueba\system\CodeIgniter.php(355): CodeIgniter\CodeIgniter->handleRequest(NULL, Object(Config\Cache), false)
#11 C:\xampp\htdocs\cosas\Prueba\system\Boot.php(325): CodeIgniter\CodeIgniter->run()
#12 C:\xampp\htdocs\cosas\Prueba\system\Boot.php(67): CodeIgniter\Boot::runCodeIgniter(Object(CodeIgniter\CodeIgniter))
#13 C:\xampp\htdocs\cosas\Prueba\public\index.php(56): CodeIgniter\Boot::bootWeb(Object(Config\Paths))
#14 {main}
CRITICAL - 2024-10-25 15:04:55 --> CodeIgniter\Database\Exceptions\DatabaseException: Cannot add or update a child row: a foreign key constraint fails (`codeigniter4_bd`.`registro_acceso_rf`, CONSTRAINT `registro_acceso_rf_ibfk_1` FOREIGN KEY (`ID_Usuario`) REFERENCES `usuario` (`ID_Usuario`))
[Method: POST, Route: registrar-acceso]
in SYSTEMPATH\Database\BaseConnection.php on line 688.
 1 SYSTEMPATH\Database\BaseBuilder.php(2340): CodeIgniter\Database\BaseConnection->query('INSERT INTO `registro_acceso_rf` (`Fecha_Hora`, `Resultado`, `Accion_Tomada`, `ID_Usuario`, `ID_Sistema`) VALUES (:Fecha_Hora:, :Resultado:, :Accion_Tomada:, :ID_Usuario:, :ID_Sistema:)', [...], false)
 2 SYSTEMPATH\Model.php(394): CodeIgniter\Database\BaseBuilder->insert()
 3 SYSTEMPATH\BaseModel.php(840): CodeIgniter\Model->doInsert([...])
 4 SYSTEMPATH\Model.php(802): CodeIgniter\BaseModel->insert([...], true)
 5 APPPATH\Controllers\AccessModels.php(33): CodeIgniter\Model->insert([...])
 6 SYSTEMPATH\CodeIgniter.php(933): App\Controllers\AccessModels->registrarAcceso()
 7 SYSTEMPATH\CodeIgniter.php(509): CodeIgniter\CodeIgniter->runController(Object(App\Controllers\AccessModels))
 8 SYSTEMPATH\CodeIgniter.php(355): CodeIgniter\CodeIgniter->handleRequest(null, Object(Config\Cache), false)
 9 SYSTEMPATH\Boot.php(325): CodeIgniter\CodeIgniter->run()
10 SYSTEMPATH\Boot.php(67): CodeIgniter\Boot::runCodeIgniter(Object(CodeIgniter\CodeIgniter))
11 FCPATH\index.php(56): CodeIgniter\Boot::bootWeb(Object(Config\Paths))
CRITICAL - 2024-10-25 15:04:55 --> [Caused by] CodeIgniter\Database\Exceptions\DatabaseException: Cannot add or update a child row: a foreign key constraint fails (`codeigniter4_bd`.`registro_acceso_rf`, CONSTRAINT `registro_acceso_rf_ibfk_1` FOREIGN KEY (`ID_Usuario`) REFERENCES `usuario` (`ID_Usuario`))
in SYSTEMPATH\Database\MySQLi\Connection.php on line 317.
 1 SYSTEMPATH\Database\BaseConnection.php(734): CodeIgniter\Database\MySQLi\Connection->execute('INSERT INTO `registro_acceso_rf` (`Fecha_Hora`, `Resultado`, `Accion_Tomada`, `ID_Usuario`, `ID_Sistema`) VALUES (\'2024-10-25 15:04:55\', \'Acceso concedido\', \'Ingreso\', 1, 1)')
 2 SYSTEMPATH\Database\BaseConnection.php(648): CodeIgniter\Database\BaseConnection->simpleQuery('INSERT INTO `registro_acceso_rf` (`Fecha_Hora`, `Resultado`, `Accion_Tomada`, `ID_Usuario`, `ID_Sistema`) VALUES (\'2024-10-25 15:04:55\', \'Acceso concedido\', \'Ingreso\', 1, 1)')
 3 SYSTEMPATH\Database\BaseBuilder.php(2340): CodeIgniter\Database\BaseConnection->query('INSERT INTO `registro_acceso_rf` (`Fecha_Hora`, `Resultado`, `Accion_Tomada`, `ID_Usuario`, `ID_Sistema`) VALUES (:Fecha_Hora:, :Resultado:, :Accion_Tomada:, :ID_Usuario:, :ID_Sistema:)', [...], false)
 4 SYSTEMPATH\Model.php(394): CodeIgniter\Database\BaseBuilder->insert()
 5 SYSTEMPATH\BaseModel.php(840): CodeIgniter\Model->doInsert([...])
 6 SYSTEMPATH\Model.php(802): CodeIgniter\BaseModel->insert([...], true)
 7 APPPATH\Controllers\AccessModels.php(33): CodeIgniter\Model->insert([...])
 8 SYSTEMPATH\CodeIgniter.php(933): App\Controllers\AccessModels->registrarAcceso()
 9 SYSTEMPATH\CodeIgniter.php(509): CodeIgniter\CodeIgniter->runController(Object(App\Controllers\AccessModels))
10 SYSTEMPATH\CodeIgniter.php(355): CodeIgniter\CodeIgniter->handleRequest(null, Object(Config\Cache), false)
11 SYSTEMPATH\Boot.php(325): CodeIgniter\CodeIgniter->run()
12 SYSTEMPATH\Boot.php(67): CodeIgniter\Boot::runCodeIgniter(Object(CodeIgniter\CodeIgniter))
13 FCPATH\index.php(56): CodeIgniter\Boot::bootWeb(Object(Config\Paths))
CRITICAL - 2024-10-25 15:04:55 --> [Caused by] mysqli_sql_exception: Cannot add or update a child row: a foreign key constraint fails (`codeigniter4_bd`.`registro_acceso_rf`, CONSTRAINT `registro_acceso_rf_ibfk_1` FOREIGN KEY (`ID_Usuario`) REFERENCES `usuario` (`ID_Usuario`))
in SYSTEMPATH\Database\MySQLi\Connection.php on line 312.
 1 SYSTEMPATH\Database\MySQLi\Connection.php(312): mysqli->query('INSERT INTO `registro_acceso_rf` (`Fecha_Hora`, `Resultado`, `Accion_Tomada`, `ID_Usuario`, `ID_Sistema`) VALUES (\'2024-10-25 15:04:55\', \'Acceso concedido\', \'Ingreso\', 1, 1)', 0)
 2 SYSTEMPATH\Database\BaseConnection.php(734): CodeIgniter\Database\MySQLi\Connection->execute('INSERT INTO `registro_acceso_rf` (`Fecha_Hora`, `Resultado`, `Accion_Tomada`, `ID_Usuario`, `ID_Sistema`) VALUES (\'2024-10-25 15:04:55\', \'Acceso concedido\', \'Ingreso\', 1, 1)')
 3 SYSTEMPATH\Database\BaseConnection.php(648): CodeIgniter\Database\BaseConnection->simpleQuery('INSERT INTO `registro_acceso_rf` (`Fecha_Hora`, `Resultado`, `Accion_Tomada`, `ID_Usuario`, `ID_Sistema`) VALUES (\'2024-10-25 15:04:55\', \'Acceso concedido\', \'Ingreso\', 1, 1)')
 4 SYSTEMPATH\Database\BaseBuilder.php(2340): CodeIgniter\Database\BaseConnection->query('INSERT INTO `registro_acceso_rf` (`Fecha_Hora`, `Resultado`, `Accion_Tomada`, `ID_Usuario`, `ID_Sistema`) VALUES (:Fecha_Hora:, :Resultado:, :Accion_Tomada:, :ID_Usuario:, :ID_Sistema:)', [...], false)
 5 SYSTEMPATH\Model.php(394): CodeIgniter\Database\BaseBuilder->insert()
 6 SYSTEMPATH\BaseModel.php(840): CodeIgniter\Model->doInsert([...])
 7 SYSTEMPATH\Model.php(802): CodeIgniter\BaseModel->insert([...], true)
 8 APPPATH\Controllers\AccessModels.php(33): CodeIgniter\Model->insert([...])
 9 SYSTEMPATH\CodeIgniter.php(933): App\Controllers\AccessModels->registrarAcceso()
10 SYSTEMPATH\CodeIgniter.php(509): CodeIgniter\CodeIgniter->runController(Object(App\Controllers\AccessModels))
11 SYSTEMPATH\CodeIgniter.php(355): CodeIgniter\CodeIgniter->handleRequest(null, Object(Config\Cache), false)
12 SYSTEMPATH\Boot.php(325): CodeIgniter\CodeIgniter->run()
13 SYSTEMPATH\Boot.php(67): CodeIgniter\Boot::runCodeIgniter(Object(CodeIgniter\CodeIgniter))
14 FCPATH\index.php(56): CodeIgniter\Boot::bootWeb(Object(Config\Paths))
INFO - 2024-10-25 15:09:33 --> Session: Class initialized using 'CodeIgniter\Session\Handlers\FileHandler' driver.
ERROR - 2024-10-25 15:09:52 --> mysqli_sql_exception: Cannot add or update a child row: a foreign key constraint fails (`codeigniter4_bd`.`registro_acceso_rf`, CONSTRAINT `registro_acceso_rf_ibfk_1` FOREIGN KEY (`ID_Usuario`) REFERENCES `usuario` (`ID_Usuario`)) in C:\xampp\htdocs\cosas\Prueba\system\Database\MySQLi\Connection.php:312
Stack trace:
#0 C:\xampp\htdocs\cosas\Prueba\system\Database\MySQLi\Connection.php(312): mysqli->query('INSERT INTO `re...', 0)
#1 C:\xampp\htdocs\cosas\Prueba\system\Database\BaseConnection.php(734): CodeIgniter\Database\MySQLi\Connection->execute('INSERT INTO `re...')
#2 C:\xampp\htdocs\cosas\Prueba\system\Database\BaseConnection.php(648): CodeIgniter\Database\BaseConnection->simpleQuery('INSERT INTO `re...')
#3 C:\xampp\htdocs\cosas\Prueba\system\Database\BaseBuilder.php(2340): CodeIgniter\Database\BaseConnection->query('INSERT INTO `re...', Array, false)
#4 C:\xampp\htdocs\cosas\Prueba\system\Model.php(394): CodeIgniter\Database\BaseBuilder->insert()
#5 C:\xampp\htdocs\cosas\Prueba\system\BaseModel.php(840): CodeIgniter\Model->doInsert(Array)
#6 C:\xampp\htdocs\cosas\Prueba\system\Model.php(802): CodeIgniter\BaseModel->insert(Array, true)
#7 C:\xampp\htdocs\cosas\Prueba\app\Controllers\AccessModels.php(55): CodeIgniter\Model->insert(Array)
#8 C:\xampp\htdocs\cosas\Prueba\system\CodeIgniter.php(933): App\Controllers\AccessModels->registrarAcceso()
#9 C:\xampp\htdocs\cosas\Prueba\system\CodeIgniter.php(509): CodeIgniter\CodeIgniter->runController(Object(App\Controllers\AccessModels))
#10 C:\xampp\htdocs\cosas\Prueba\system\CodeIgniter.php(355): CodeIgniter\CodeIgniter->handleRequest(NULL, Object(Config\Cache), false)
#11 C:\xampp\htdocs\cosas\Prueba\system\Boot.php(325): CodeIgniter\CodeIgniter->run()
#12 C:\xampp\htdocs\cosas\Prueba\system\Boot.php(67): CodeIgniter\Boot::runCodeIgniter(Object(CodeIgniter\CodeIgniter))
#13 C:\xampp\htdocs\cosas\Prueba\public\index.php(56): CodeIgniter\Boot::bootWeb(Object(Config\Paths))
#14 {main}
CRITICAL - 2024-10-25 15:09:52 --> CodeIgniter\Database\Exceptions\DatabaseException: Cannot add or update a child row: a foreign key constraint fails (`codeigniter4_bd`.`registro_acceso_rf`, CONSTRAINT `registro_acceso_rf_ibfk_1` FOREIGN KEY (`ID_Usuario`) REFERENCES `usuario` (`ID_Usuario`))
[Method: POST, Route: registrar-acceso]
in SYSTEMPATH\Database\BaseConnection.php on line 688.
 1 SYSTEMPATH\Database\BaseBuilder.php(2340): CodeIgniter\Database\BaseConnection->query('INSERT INTO `registro_acceso_rf` (`Fecha_Hora`, `Resultado`, `Accion_Tomada`, `ID_Usuario`, `ID_Sistema`) VALUES (:Fecha_Hora:, :Resultado:, :Accion_Tomada:, :ID_Usuario:, :ID_Sistema:)', [...], false)
 2 SYSTEMPATH\Model.php(394): CodeIgniter\Database\BaseBuilder->insert()
 3 SYSTEMPATH\BaseModel.php(840): CodeIgniter\Model->doInsert([...])
 4 SYSTEMPATH\Model.php(802): CodeIgniter\BaseModel->insert([...], true)
 5 APPPATH\Controllers\AccessModels.php(55): CodeIgniter\Model->insert([...])
 6 SYSTEMPATH\CodeIgniter.php(933): App\Controllers\AccessModels->registrarAcceso()
 7 SYSTEMPATH\CodeIgniter.php(509): CodeIgniter\CodeIgniter->runController(Object(App\Controllers\AccessModels))
 8 SYSTEMPATH\CodeIgniter.php(355): CodeIgniter\CodeIgniter->handleRequest(null, Object(Config\Cache), false)
 9 SYSTEMPATH\Boot.php(325): CodeIgniter\CodeIgniter->run()
10 SYSTEMPATH\Boot.php(67): CodeIgniter\Boot::runCodeIgniter(Object(CodeIgniter\CodeIgniter))
11 FCPATH\index.php(56): CodeIgniter\Boot::bootWeb(Object(Config\Paths))
CRITICAL - 2024-10-25 15:09:52 --> [Caused by] CodeIgniter\Database\Exceptions\DatabaseException: Cannot add or update a child row: a foreign key constraint fails (`codeigniter4_bd`.`registro_acceso_rf`, CONSTRAINT `registro_acceso_rf_ibfk_1` FOREIGN KEY (`ID_Usuario`) REFERENCES `usuario` (`ID_Usuario`))
in SYSTEMPATH\Database\MySQLi\Connection.php on line 317.
 1 SYSTEMPATH\Database\BaseConnection.php(734): CodeIgniter\Database\MySQLi\Connection->execute('INSERT INTO `registro_acceso_rf` (`Fecha_Hora`, `Resultado`, `Accion_Tomada`, `ID_Usuario`, `ID_Sistema`) VALUES (\'2024-10-25 15:09:52\', \'Acceso concedido\', \'Ingreso\', 1, 1)')
 2 SYSTEMPATH\Database\BaseConnection.php(648): CodeIgniter\Database\BaseConnection->simpleQuery('INSERT INTO `registro_acceso_rf` (`Fecha_Hora`, `Resultado`, `Accion_Tomada`, `ID_Usuario`, `ID_Sistema`) VALUES (\'2024-10-25 15:09:52\', \'Acceso concedido\', \'Ingreso\', 1, 1)')
 3 SYSTEMPATH\Database\BaseBuilder.php(2340): CodeIgniter\Database\BaseConnection->query('INSERT INTO `registro_acceso_rf` (`Fecha_Hora`, `Resultado`, `Accion_Tomada`, `ID_Usuario`, `ID_Sistema`) VALUES (:Fecha_Hora:, :Resultado:, :Accion_Tomada:, :ID_Usuario:, :ID_Sistema:)', [...], false)
 4 SYSTEMPATH\Model.php(394): CodeIgniter\Database\BaseBuilder->insert()
 5 SYSTEMPATH\BaseModel.php(840): CodeIgniter\Model->doInsert([...])
 6 SYSTEMPATH\Model.php(802): CodeIgniter\BaseModel->insert([...], true)
 7 APPPATH\Controllers\AccessModels.php(55): CodeIgniter\Model->insert([...])
 8 SYSTEMPATH\CodeIgniter.php(933): App\Controllers\AccessModels->registrarAcceso()
 9 SYSTEMPATH\CodeIgniter.php(509): CodeIgniter\CodeIgniter->runController(Object(App\Controllers\AccessModels))
10 SYSTEMPATH\CodeIgniter.php(355): CodeIgniter\CodeIgniter->handleRequest(null, Object(Config\Cache), false)
11 SYSTEMPATH\Boot.php(325): CodeIgniter\CodeIgniter->run()
12 SYSTEMPATH\Boot.php(67): CodeIgniter\Boot::runCodeIgniter(Object(CodeIgniter\CodeIgniter))
13 FCPATH\index.php(56): CodeIgniter\Boot::bootWeb(Object(Config\Paths))
CRITICAL - 2024-10-25 15:09:53 --> [Caused by] mysqli_sql_exception: Cannot add or update a child row: a foreign key constraint fails (`codeigniter4_bd`.`registro_acceso_rf`, CONSTRAINT `registro_acceso_rf_ibfk_1` FOREIGN KEY (`ID_Usuario`) REFERENCES `usuario` (`ID_Usuario`))
in SYSTEMPATH\Database\MySQLi\Connection.php on line 312.
 1 SYSTEMPATH\Database\MySQLi\Connection.php(312): mysqli->query('INSERT INTO `registro_acceso_rf` (`Fecha_Hora`, `Resultado`, `Accion_Tomada`, `ID_Usuario`, `ID_Sistema`) VALUES (\'2024-10-25 15:09:52\', \'Acceso concedido\', \'Ingreso\', 1, 1)', 0)
 2 SYSTEMPATH\Database\BaseConnection.php(734): CodeIgniter\Database\MySQLi\Connection->execute('INSERT INTO `registro_acceso_rf` (`Fecha_Hora`, `Resultado`, `Accion_Tomada`, `ID_Usuario`, `ID_Sistema`) VALUES (\'2024-10-25 15:09:52\', \'Acceso concedido\', \'Ingreso\', 1, 1)')
 3 SYSTEMPATH\Database\BaseConnection.php(648): CodeIgniter\Database\BaseConnection->simpleQuery('INSERT INTO `registro_acceso_rf` (`Fecha_Hora`, `Resultado`, `Accion_Tomada`, `ID_Usuario`, `ID_Sistema`) VALUES (\'2024-10-25 15:09:52\', \'Acceso concedido\', \'Ingreso\', 1, 1)')
 4 SYSTEMPATH\Database\BaseBuilder.php(2340): CodeIgniter\Database\BaseConnection->query('INSERT INTO `registro_acceso_rf` (`Fecha_Hora`, `Resultado`, `Accion_Tomada`, `ID_Usuario`, `ID_Sistema`) VALUES (:Fecha_Hora:, :Resultado:, :Accion_Tomada:, :ID_Usuario:, :ID_Sistema:)', [...], false)
 5 SYSTEMPATH\Model.php(394): CodeIgniter\Database\BaseBuilder->insert()
 6 SYSTEMPATH\BaseModel.php(840): CodeIgniter\Model->doInsert([...])
 7 SYSTEMPATH\Model.php(802): CodeIgniter\BaseModel->insert([...], true)
 8 APPPATH\Controllers\AccessModels.php(55): CodeIgniter\Model->insert([...])
 9 SYSTEMPATH\CodeIgniter.php(933): App\Controllers\AccessModels->registrarAcceso()
10 SYSTEMPATH\CodeIgniter.php(509): CodeIgniter\CodeIgniter->runController(Object(App\Controllers\AccessModels))
11 SYSTEMPATH\CodeIgniter.php(355): CodeIgniter\CodeIgniter->handleRequest(null, Object(Config\Cache), false)
12 SYSTEMPATH\Boot.php(325): CodeIgniter\CodeIgniter->run()
13 SYSTEMPATH\Boot.php(67): CodeIgniter\Boot::runCodeIgniter(Object(CodeIgniter\CodeIgniter))
14 FCPATH\index.php(56): CodeIgniter\Boot::bootWeb(Object(Config\Paths))
INFO - 2024-10-25 15:13:00 --> Session: Class initialized using 'CodeIgniter\Session\Handlers\FileHandler' driver.
ERROR - 2024-10-25 15:13:07 --> mysqli_sql_exception: Cannot add or update a child row: a foreign key constraint fails (`codeigniter4_bd`.`registro_acceso_rf`, CONSTRAINT `registro_acceso_rf_ibfk_1` FOREIGN KEY (`ID_Usuario`) REFERENCES `usuario` (`ID_Usuario`)) in C:\xampp\htdocs\cosas\Prueba\system\Database\MySQLi\Connection.php:312
Stack trace:
#0 C:\xampp\htdocs\cosas\Prueba\system\Database\MySQLi\Connection.php(312): mysqli->query('INSERT INTO `re...', 0)
#1 C:\xampp\htdocs\cosas\Prueba\system\Database\BaseConnection.php(734): CodeIgniter\Database\MySQLi\Connection->execute('INSERT INTO `re...')
#2 C:\xampp\htdocs\cosas\Prueba\system\Database\BaseConnection.php(648): CodeIgniter\Database\BaseConnection->simpleQuery('INSERT INTO `re...')
#3 C:\xampp\htdocs\cosas\Prueba\system\Database\BaseBuilder.php(2340): CodeIgniter\Database\BaseConnection->query('INSERT INTO `re...', Array, false)
#4 C:\xampp\htdocs\cosas\Prueba\system\Model.php(394): CodeIgniter\Database\BaseBuilder->insert()
#5 C:\xampp\htdocs\cosas\Prueba\system\BaseModel.php(840): CodeIgniter\Model->doInsert(Array)
#6 C:\xampp\htdocs\cosas\Prueba\system\Model.php(802): CodeIgniter\BaseModel->insert(Array, true)
#7 C:\xampp\htdocs\cosas\Prueba\app\Controllers\AccessModels.php(55): CodeIgniter\Model->insert(Array)
#8 C:\xampp\htdocs\cosas\Prueba\system\CodeIgniter.php(933): App\Controllers\AccessModels->registrarAcceso()
#9 C:\xampp\htdocs\cosas\Prueba\system\CodeIgniter.php(509): CodeIgniter\CodeIgniter->runController(Object(App\Controllers\AccessModels))
#10 C:\xampp\htdocs\cosas\Prueba\system\CodeIgniter.php(355): CodeIgniter\CodeIgniter->handleRequest(NULL, Object(Config\Cache), false)
#11 C:\xampp\htdocs\cosas\Prueba\system\Boot.php(325): CodeIgniter\CodeIgniter->run()
#12 C:\xampp\htdocs\cosas\Prueba\system\Boot.php(67): CodeIgniter\Boot::runCodeIgniter(Object(CodeIgniter\CodeIgniter))
#13 C:\xampp\htdocs\cosas\Prueba\public\index.php(56): CodeIgniter\Boot::bootWeb(Object(Config\Paths))
#14 {main}
CRITICAL - 2024-10-25 15:13:07 --> CodeIgniter\Database\Exceptions\DatabaseException: Cannot add or update a child row: a foreign key constraint fails (`codeigniter4_bd`.`registro_acceso_rf`, CONSTRAINT `registro_acceso_rf_ibfk_1` FOREIGN KEY (`ID_Usuario`) REFERENCES `usuario` (`ID_Usuario`))
[Method: GET, Route: registrar-acceso]
in SYSTEMPATH\Database\BaseConnection.php on line 688.
 1 SYSTEMPATH\Database\BaseBuilder.php(2340): CodeIgniter\Database\BaseConnection->query('INSERT INTO `registro_acceso_rf` (`Fecha_Hora`, `Resultado`, `Accion_Tomada`, `ID_Usuario`, `ID_Sistema`) VALUES (:Fecha_Hora:, :Resultado:, :Accion_Tomada:, :ID_Usuario:, :ID_Sistema:)', [...], false)
 2 SYSTEMPATH\Model.php(394): CodeIgniter\Database\BaseBuilder->insert()
 3 SYSTEMPATH\BaseModel.php(840): CodeIgniter\Model->doInsert([...])
 4 SYSTEMPATH\Model.php(802): CodeIgniter\BaseModel->insert([...], true)
 5 APPPATH\Controllers\AccessModels.php(55): CodeIgniter\Model->insert([...])
 6 SYSTEMPATH\CodeIgniter.php(933): App\Controllers\AccessModels->registrarAcceso()
 7 SYSTEMPATH\CodeIgniter.php(509): CodeIgniter\CodeIgniter->runController(Object(App\Controllers\AccessModels))
 8 SYSTEMPATH\CodeIgniter.php(355): CodeIgniter\CodeIgniter->handleRequest(null, Object(Config\Cache), false)
 9 SYSTEMPATH\Boot.php(325): CodeIgniter\CodeIgniter->run()
10 SYSTEMPATH\Boot.php(67): CodeIgniter\Boot::runCodeIgniter(Object(CodeIgniter\CodeIgniter))
11 FCPATH\index.php(56): CodeIgniter\Boot::bootWeb(Object(Config\Paths))
CRITICAL - 2024-10-25 15:13:07 --> [Caused by] CodeIgniter\Database\Exceptions\DatabaseException: Cannot add or update a child row: a foreign key constraint fails (`codeigniter4_bd`.`registro_acceso_rf`, CONSTRAINT `registro_acceso_rf_ibfk_1` FOREIGN KEY (`ID_Usuario`) REFERENCES `usuario` (`ID_Usuario`))
in SYSTEMPATH\Database\MySQLi\Connection.php on line 317.
 1 SYSTEMPATH\Database\BaseConnection.php(734): CodeIgniter\Database\MySQLi\Connection->execute('INSERT INTO `registro_acceso_rf` (`Fecha_Hora`, `Resultado`, `Accion_Tomada`, `ID_Usuario`, `ID_Sistema`) VALUES (\'2024-10-25 15:13:07\', \'Acceso concedido\', \'Ingreso\', 1, 1)')
 2 SYSTEMPATH\Database\BaseConnection.php(648): CodeIgniter\Database\BaseConnection->simpleQuery('INSERT INTO `registro_acceso_rf` (`Fecha_Hora`, `Resultado`, `Accion_Tomada`, `ID_Usuario`, `ID_Sistema`) VALUES (\'2024-10-25 15:13:07\', \'Acceso concedido\', \'Ingreso\', 1, 1)')
 3 SYSTEMPATH\Database\BaseBuilder.php(2340): CodeIgniter\Database\BaseConnection->query('INSERT INTO `registro_acceso_rf` (`Fecha_Hora`, `Resultado`, `Accion_Tomada`, `ID_Usuario`, `ID_Sistema`) VALUES (:Fecha_Hora:, :Resultado:, :Accion_Tomada:, :ID_Usuario:, :ID_Sistema:)', [...], false)
 4 SYSTEMPATH\Model.php(394): CodeIgniter\Database\BaseBuilder->insert()
 5 SYSTEMPATH\BaseModel.php(840): CodeIgniter\Model->doInsert([...])
 6 SYSTEMPATH\Model.php(802): CodeIgniter\BaseModel->insert([...], true)
 7 APPPATH\Controllers\AccessModels.php(55): CodeIgniter\Model->insert([...])
 8 SYSTEMPATH\CodeIgniter.php(933): App\Controllers\AccessModels->registrarAcceso()
 9 SYSTEMPATH\CodeIgniter.php(509): CodeIgniter\CodeIgniter->runController(Object(App\Controllers\AccessModels))
10 SYSTEMPATH\CodeIgniter.php(355): CodeIgniter\CodeIgniter->handleRequest(null, Object(Config\Cache), false)
11 SYSTEMPATH\Boot.php(325): CodeIgniter\CodeIgniter->run()
12 SYSTEMPATH\Boot.php(67): CodeIgniter\Boot::runCodeIgniter(Object(CodeIgniter\CodeIgniter))
13 FCPATH\index.php(56): CodeIgniter\Boot::bootWeb(Object(Config\Paths))
CRITICAL - 2024-10-25 15:13:07 --> [Caused by] mysqli_sql_exception: Cannot add or update a child row: a foreign key constraint fails (`codeigniter4_bd`.`registro_acceso_rf`, CONSTRAINT `registro_acceso_rf_ibfk_1` FOREIGN KEY (`ID_Usuario`) REFERENCES `usuario` (`ID_Usuario`))
in SYSTEMPATH\Database\MySQLi\Connection.php on line 312.
 1 SYSTEMPATH\Database\MySQLi\Connection.php(312): mysqli->query('INSERT INTO `registro_acceso_rf` (`Fecha_Hora`, `Resultado`, `Accion_Tomada`, `ID_Usuario`, `ID_Sistema`) VALUES (\'2024-10-25 15:13:07\', \'Acceso concedido\', \'Ingreso\', 1, 1)', 0)
 2 SYSTEMPATH\Database\BaseConnection.php(734): CodeIgniter\Database\MySQLi\Connection->execute('INSERT INTO `registro_acceso_rf` (`Fecha_Hora`, `Resultado`, `Accion_Tomada`, `ID_Usuario`, `ID_Sistema`) VALUES (\'2024-10-25 15:13:07\', \'Acceso concedido\', \'Ingreso\', 1, 1)')
 3 SYSTEMPATH\Database\BaseConnection.php(648): CodeIgniter\Database\BaseConnection->simpleQuery('INSERT INTO `registro_acceso_rf` (`Fecha_Hora`, `Resultado`, `Accion_Tomada`, `ID_Usuario`, `ID_Sistema`) VALUES (\'2024-10-25 15:13:07\', \'Acceso concedido\', \'Ingreso\', 1, 1)')
 4 SYSTEMPATH\Database\BaseBuilder.php(2340): CodeIgniter\Database\BaseConnection->query('INSERT INTO `registro_acceso_rf` (`Fecha_Hora`, `Resultado`, `Accion_Tomada`, `ID_Usuario`, `ID_Sistema`) VALUES (:Fecha_Hora:, :Resultado:, :Accion_Tomada:, :ID_Usuario:, :ID_Sistema:)', [...], false)
 5 SYSTEMPATH\Model.php(394): CodeIgniter\Database\BaseBuilder->insert()
 6 SYSTEMPATH\BaseModel.php(840): CodeIgniter\Model->doInsert([...])
 7 SYSTEMPATH\Model.php(802): CodeIgniter\BaseModel->insert([...], true)
 8 APPPATH\Controllers\AccessModels.php(55): CodeIgniter\Model->insert([...])
 9 SYSTEMPATH\CodeIgniter.php(933): App\Controllers\AccessModels->registrarAcceso()
10 SYSTEMPATH\CodeIgniter.php(509): CodeIgniter\CodeIgniter->runController(Object(App\Controllers\AccessModels))
11 SYSTEMPATH\CodeIgniter.php(355): CodeIgniter\CodeIgniter->handleRequest(null, Object(Config\Cache), false)
12 SYSTEMPATH\Boot.php(325): CodeIgniter\CodeIgniter->run()
13 SYSTEMPATH\Boot.php(67): CodeIgniter\Boot::runCodeIgniter(Object(CodeIgniter\CodeIgniter))
14 FCPATH\index.php(56): CodeIgniter\Boot::bootWeb(Object(Config\Paths))
CRITICAL - 2024-10-25 15:17:29 --> Error: Class "App\Models\AccessModel" not found
[Method: GET, Route: accessmodels/registrar_acceso]
in APPPATH\Controllers\AccessModels.php on line 21.
 1 SYSTEMPATH\CodeIgniter.php(933): App\Controllers\AccessModels->registrar_acceso()
 2 SYSTEMPATH\CodeIgniter.php(509): CodeIgniter\CodeIgniter->runController(Object(App\Controllers\AccessModels))
 3 SYSTEMPATH\CodeIgniter.php(355): CodeIgniter\CodeIgniter->handleRequest(null, Object(Config\Cache), false)
 4 SYSTEMPATH\Boot.php(325): CodeIgniter\CodeIgniter->run()
 5 SYSTEMPATH\Boot.php(67): CodeIgniter\Boot::runCodeIgniter(Object(CodeIgniter\CodeIgniter))
 6 FCPATH\index.php(56): CodeIgniter\Boot::bootWeb(Object(Config\Paths))
INFO - 2024-10-25 15:17:39 --> Session: Class initialized using 'CodeIgniter\Session\Handlers\FileHandler' driver.
INFO - 2024-10-25 18:43:27 --> Session: Class initialized using 'CodeIgniter\Session\Handlers\FileHandler' driver.
INFO - 2024-10-25 18:43:27 --> Session: Class initialized using 'CodeIgniter\Session\Handlers\FileHandler' driver.
INFO - 2024-10-25 18:57:07 --> Session: Class initialized using 'CodeIgniter\Session\Handlers\FileHandler' driver.
INFO - 2024-10-25 19:10:22 --> Session: Class initialized using 'CodeIgniter\Session\Handlers\FileHandler' driver.
INFO - 2024-10-25 19:10:23 --> Session: Class initialized using 'CodeIgniter\Session\Handlers\FileHandler' driver.
CRITICAL - 2024-10-25 19:12:39 --> Error: Class "App\Models\AccessModel" not found
[Method: GET, Route: accessmodels/registrar_acceso]
in APPPATH\Controllers\AccessModels.php on line 21.
 1 SYSTEMPATH\CodeIgniter.php(933): App\Controllers\AccessModels->registrar_acceso()
 2 SYSTEMPATH\CodeIgniter.php(509): CodeIgniter\CodeIgniter->runController(Object(App\Controllers\AccessModels))
 3 SYSTEMPATH\CodeIgniter.php(355): CodeIgniter\CodeIgniter->handleRequest(null, Object(Config\Cache), false)
 4 SYSTEMPATH\Boot.php(325): CodeIgniter\CodeIgniter->run()
 5 SYSTEMPATH\Boot.php(67): CodeIgniter\Boot::runCodeIgniter(Object(CodeIgniter\CodeIgniter))
 6 FCPATH\index.php(56): CodeIgniter\Boot::bootWeb(Object(Config\Paths))
CRITICAL - 2024-10-25 19:15:53 --> Error: Class "App\Models\AccessModel" not found
[Method: GET, Route: accessmodels/registrar_acceso]
in APPPATH\Controllers\AccessModels.php on line 21.
 1 SYSTEMPATH\CodeIgniter.php(933): App\Controllers\AccessModels->registrar_acceso()
 2 SYSTEMPATH\CodeIgniter.php(509): CodeIgniter\CodeIgniter->runController(Object(App\Controllers\AccessModels))
 3 SYSTEMPATH\CodeIgniter.php(355): CodeIgniter\CodeIgniter->handleRequest(null, Object(Config\Cache), false)
 4 SYSTEMPATH\Boot.php(325): CodeIgniter\CodeIgniter->run()
 5 SYSTEMPATH\Boot.php(67): CodeIgniter\Boot::runCodeIgniter(Object(CodeIgniter\CodeIgniter))
 6 FCPATH\index.php(56): CodeIgniter\Boot::bootWeb(Object(Config\Paths))
CRITICAL - 2024-10-25 19:18:07 --> Error: Class "App\Models\AccessModel" not found
[Method: GET, Route: accessmodels/registrar_acceso]
in APPPATH\Controllers\AccessModels.php on line 20.
 1 SYSTEMPATH\CodeIgniter.php(933): App\Controllers\AccessModels->registrar_acceso()
 2 SYSTEMPATH\CodeIgniter.php(509): CodeIgniter\CodeIgniter->runController(Object(App\Controllers\AccessModels))
 3 SYSTEMPATH\CodeIgniter.php(355): CodeIgniter\CodeIgniter->handleRequest(null, Object(Config\Cache), false)
 4 SYSTEMPATH\Boot.php(325): CodeIgniter\CodeIgniter->run()
 5 SYSTEMPATH\Boot.php(67): CodeIgniter\Boot::runCodeIgniter(Object(CodeIgniter\CodeIgniter))
 6 FCPATH\index.php(56): CodeIgniter\Boot::bootWeb(Object(Config\Paths))
CRITICAL - 2024-10-25 19:18:50 --> Error: Class "App\Models\AccessModel" not found
[Method: GET, Route: accessmodels/registrar_acceso]
in APPPATH\Controllers\AccessModels.php on line 20.
 1 SYSTEMPATH\CodeIgniter.php(933): App\Controllers\AccessModels->registrar_acceso()
 2 SYSTEMPATH\CodeIgniter.php(509): CodeIgniter\CodeIgniter->runController(Object(App\Controllers\AccessModels))
 3 SYSTEMPATH\CodeIgniter.php(355): CodeIgniter\CodeIgniter->handleRequest(null, Object(Config\Cache), false)
 4 SYSTEMPATH\Boot.php(325): CodeIgniter\CodeIgniter->run()
 5 SYSTEMPATH\Boot.php(67): CodeIgniter\Boot::runCodeIgniter(Object(CodeIgniter\CodeIgniter))
 6 FCPATH\index.php(56): CodeIgniter\Boot::bootWeb(Object(Config\Paths))
CRITICAL - 2024-10-25 19:22:33 --> Error: Class "App\Controllers\AccessModel" not found
[Method: GET, Route: accessmodels/registrar_acceso]
in APPPATH\Controllers\AccessModels.php on line 20.
 1 SYSTEMPATH\CodeIgniter.php(933): App\Controllers\AccessModels->registrar_acceso()
 2 SYSTEMPATH\CodeIgniter.php(509): CodeIgniter\CodeIgniter->runController(Object(App\Controllers\AccessModels))
 3 SYSTEMPATH\CodeIgniter.php(355): CodeIgniter\CodeIgniter->handleRequest(null, Object(Config\Cache), false)
 4 SYSTEMPATH\Boot.php(325): CodeIgniter\CodeIgniter->run()
 5 SYSTEMPATH\Boot.php(67): CodeIgniter\Boot::runCodeIgniter(Object(CodeIgniter\CodeIgniter))
 6 FCPATH\index.php(56): CodeIgniter\Boot::bootWeb(Object(Config\Paths))
CRITICAL - 2024-10-25 19:29:52 --> Error: Class "App\Models\AccessModel" not found
[Method: GET, Route: AccessController/registrar_acceso]
in APPPATH\Controllers\AccessController.php on line 20.
 1 SYSTEMPATH\CodeIgniter.php(933): App\Controllers\AccessController->registrar_acceso()
 2 SYSTEMPATH\CodeIgniter.php(509): CodeIgniter\CodeIgniter->runController(Object(App\Controllers\AccessController))
 3 SYSTEMPATH\CodeIgniter.php(355): CodeIgniter\CodeIgniter->handleRequest(null, Object(Config\Cache), false)
 4 SYSTEMPATH\Boot.php(325): CodeIgniter\CodeIgniter->run()
 5 SYSTEMPATH\Boot.php(67): CodeIgniter\Boot::runCodeIgniter(Object(CodeIgniter\CodeIgniter))
 6 FCPATH\index.php(56): CodeIgniter\Boot::bootWeb(Object(Config\Paths))
ERROR - 2024-10-25 19:30:57 --> mysqli_sql_exception: Unknown column 'UID' in 'field list' in C:\xampp\htdocs\cosas\Prueba\system\Database\MySQLi\Connection.php:312
Stack trace:
#0 C:\xampp\htdocs\cosas\Prueba\system\Database\MySQLi\Connection.php(312): mysqli->query('INSERT INTO `re...', 0)
#1 C:\xampp\htdocs\cosas\Prueba\system\Database\BaseConnection.php(734): CodeIgniter\Database\MySQLi\Connection->execute('INSERT INTO `re...')
#2 C:\xampp\htdocs\cosas\Prueba\system\Database\BaseConnection.php(648): CodeIgniter\Database\BaseConnection->simpleQuery('INSERT INTO `re...')
#3 C:\xampp\htdocs\cosas\Prueba\system\Database\BaseBuilder.php(2340): CodeIgniter\Database\BaseConnection->query('INSERT INTO `re...', Array, false)
#4 C:\xampp\htdocs\cosas\Prueba\app\Models\AccessModel.php(14): CodeIgniter\Database\BaseBuilder->insert(Array)
#5 C:\xampp\htdocs\cosas\Prueba\app\Controllers\AccessController.php(33): App\Models\AccessModel->insertuid(Array)
#6 C:\xampp\htdocs\cosas\Prueba\system\CodeIgniter.php(933): App\Controllers\AccessController->registrar_acceso()
#7 C:\xampp\htdocs\cosas\Prueba\system\CodeIgniter.php(509): CodeIgniter\CodeIgniter->runController(Object(App\Controllers\AccessController))
#8 C:\xampp\htdocs\cosas\Prueba\system\CodeIgniter.php(355): CodeIgniter\CodeIgniter->handleRequest(NULL, Object(Config\Cache), false)
#9 C:\xampp\htdocs\cosas\Prueba\system\Boot.php(325): CodeIgniter\CodeIgniter->run()
#10 C:\xampp\htdocs\cosas\Prueba\system\Boot.php(67): CodeIgniter\Boot::runCodeIgniter(Object(CodeIgniter\CodeIgniter))
#11 C:\xampp\htdocs\cosas\Prueba\public\index.php(56): CodeIgniter\Boot::bootWeb(Object(Config\Paths))
#12 {main}
CRITICAL - 2024-10-25 19:30:57 --> CodeIgniter\Database\Exceptions\DatabaseException: Unknown column 'UID' in 'field list'
[Method: GET, Route: AccessController/registrar_acceso]
in SYSTEMPATH\Database\BaseConnection.php on line 688.
 1 SYSTEMPATH\Database\BaseBuilder.php(2340): CodeIgniter\Database\BaseConnection->query('INSERT INTO `registro_acceso_rf` (`Fecha_Hora`, `Resultado`, `Accion_Tomada`, `Fecha_Hora_Grabacion`, `Archivo_Video`, `Ubicacion_Camara`, `ID_Usuario`, `ID_Sistema`, `UID`) VALUES (:Fecha_Hora:, :Resultado:, :Accion_Tomada:, :Fecha_Hora_Grabacion:, :Archivo_Video:, :Ubicacion_Camara:, :ID_Usuario:, :ID_Sistema:, :UID:)', [...], false)
 2 APPPATH\Models\AccessModel.php(14): CodeIgniter\Database\BaseBuilder->insert([...])
 3 APPPATH\Controllers\AccessController.php(33): App\Models\AccessModel->insertuid([...])
 4 SYSTEMPATH\CodeIgniter.php(933): App\Controllers\AccessController->registrar_acceso()
 5 SYSTEMPATH\CodeIgniter.php(509): CodeIgniter\CodeIgniter->runController(Object(App\Controllers\AccessController))
 6 SYSTEMPATH\CodeIgniter.php(355): CodeIgniter\CodeIgniter->handleRequest(null, Object(Config\Cache), false)
 7 SYSTEMPATH\Boot.php(325): CodeIgniter\CodeIgniter->run()
 8 SYSTEMPATH\Boot.php(67): CodeIgniter\Boot::runCodeIgniter(Object(CodeIgniter\CodeIgniter))
 9 FCPATH\index.php(56): CodeIgniter\Boot::bootWeb(Object(Config\Paths))
CRITICAL - 2024-10-25 19:30:57 --> [Caused by] CodeIgniter\Database\Exceptions\DatabaseException: Unknown column 'UID' in 'field list'
in SYSTEMPATH\Database\MySQLi\Connection.php on line 317.
 1 SYSTEMPATH\Database\BaseConnection.php(734): CodeIgniter\Database\MySQLi\Connection->execute('INSERT INTO `registro_acceso_rf` (`Fecha_Hora`, `Resultado`, `Accion_Tomada`, `Fecha_Hora_Grabacion`, `Archivo_Video`, `Ubicacion_Camara`, `ID_Usuario`, `ID_Sistema`, `UID`) VALUES (\'2024-10-25 19:30:57\', \'Acceso concedido\', \'Ingreso\', \'2024-10-25 19:30:57\', \'xd\', \'xd\', NULL, NULL, \'0x2a6a991a\')')
 2 SYSTEMPATH\Database\BaseConnection.php(648): CodeIgniter\Database\BaseConnection->simpleQuery('INSERT INTO `registro_acceso_rf` (`Fecha_Hora`, `Resultado`, `Accion_Tomada`, `Fecha_Hora_Grabacion`, `Archivo_Video`, `Ubicacion_Camara`, `ID_Usuario`, `ID_Sistema`, `UID`) VALUES (\'2024-10-25 19:30:57\', \'Acceso concedido\', \'Ingreso\', \'2024-10-25 19:30:57\', \'xd\', \'xd\', NULL, NULL, \'0x2a6a991a\')')
 3 SYSTEMPATH\Database\BaseBuilder.php(2340): CodeIgniter\Database\BaseConnection->query('INSERT INTO `registro_acceso_rf` (`Fecha_Hora`, `Resultado`, `Accion_Tomada`, `Fecha_Hora_Grabacion`, `Archivo_Video`, `Ubicacion_Camara`, `ID_Usuario`, `ID_Sistema`, `UID`) VALUES (:Fecha_Hora:, :Resultado:, :Accion_Tomada:, :Fecha_Hora_Grabacion:, :Archivo_Video:, :Ubicacion_Camara:, :ID_Usuario:, :ID_Sistema:, :UID:)', [...], false)
 4 APPPATH\Models\AccessModel.php(14): CodeIgniter\Database\BaseBuilder->insert([...])
 5 APPPATH\Controllers\AccessController.php(33): App\Models\AccessModel->insertuid([...])
 6 SYSTEMPATH\CodeIgniter.php(933): App\Controllers\AccessController->registrar_acceso()
 7 SYSTEMPATH\CodeIgniter.php(509): CodeIgniter\CodeIgniter->runController(Object(App\Controllers\AccessController))
 8 SYSTEMPATH\CodeIgniter.php(355): CodeIgniter\CodeIgniter->handleRequest(null, Object(Config\Cache), false)
 9 SYSTEMPATH\Boot.php(325): CodeIgniter\CodeIgniter->run()
10 SYSTEMPATH\Boot.php(67): CodeIgniter\Boot::runCodeIgniter(Object(CodeIgniter\CodeIgniter))
11 FCPATH\index.php(56): CodeIgniter\Boot::bootWeb(Object(Config\Paths))
CRITICAL - 2024-10-25 19:30:57 --> [Caused by] mysqli_sql_exception: Unknown column 'UID' in 'field list'
in SYSTEMPATH\Database\MySQLi\Connection.php on line 312.
 1 SYSTEMPATH\Database\MySQLi\Connection.php(312): mysqli->query('INSERT INTO `registro_acceso_rf` (`Fecha_Hora`, `Resultado`, `Accion_Tomada`, `Fecha_Hora_Grabacion`, `Archivo_Video`, `Ubicacion_Camara`, `ID_Usuario`, `ID_Sistema`, `UID`) VALUES (\'2024-10-25 19:30:57\', \'Acceso concedido\', \'Ingreso\', \'2024-10-25 19:30:57\', \'xd\', \'xd\', NULL, NULL, \'0x2a6a991a\')', 0)
 2 SYSTEMPATH\Database\BaseConnection.php(734): CodeIgniter\Database\MySQLi\Connection->execute('INSERT INTO `registro_acceso_rf` (`Fecha_Hora`, `Resultado`, `Accion_Tomada`, `Fecha_Hora_Grabacion`, `Archivo_Video`, `Ubicacion_Camara`, `ID_Usuario`, `ID_Sistema`, `UID`) VALUES (\'2024-10-25 19:30:57\', \'Acceso concedido\', \'Ingreso\', \'2024-10-25 19:30:57\', \'xd\', \'xd\', NULL, NULL, \'0x2a6a991a\')')
 3 SYSTEMPATH\Database\BaseConnection.php(648): CodeIgniter\Database\BaseConnection->simpleQuery('INSERT INTO `registro_acceso_rf` (`Fecha_Hora`, `Resultado`, `Accion_Tomada`, `Fecha_Hora_Grabacion`, `Archivo_Video`, `Ubicacion_Camara`, `ID_Usuario`, `ID_Sistema`, `UID`) VALUES (\'2024-10-25 19:30:57\', \'Acceso concedido\', \'Ingreso\', \'2024-10-25 19:30:57\', \'xd\', \'xd\', NULL, NULL, \'0x2a6a991a\')')
 4 SYSTEMPATH\Database\BaseBuilder.php(2340): CodeIgniter\Database\BaseConnection->query('INSERT INTO `registro_acceso_rf` (`Fecha_Hora`, `Resultado`, `Accion_Tomada`, `Fecha_Hora_Grabacion`, `Archivo_Video`, `Ubicacion_Camara`, `ID_Usuario`, `ID_Sistema`, `UID`) VALUES (:Fecha_Hora:, :Resultado:, :Accion_Tomada:, :Fecha_Hora_Grabacion:, :Archivo_Video:, :Ubicacion_Camara:, :ID_Usuario:, :ID_Sistema:, :UID:)', [...], false)
 5 APPPATH\Models\AccessModel.php(14): CodeIgniter\Database\BaseBuilder->insert([...])
 6 APPPATH\Controllers\AccessController.php(33): App\Models\AccessModel->insertuid([...])
 7 SYSTEMPATH\CodeIgniter.php(933): App\Controllers\AccessController->registrar_acceso()
 8 SYSTEMPATH\CodeIgniter.php(509): CodeIgniter\CodeIgniter->runController(Object(App\Controllers\AccessController))
 9 SYSTEMPATH\CodeIgniter.php(355): CodeIgniter\CodeIgniter->handleRequest(null, Object(Config\Cache), false)
10 SYSTEMPATH\Boot.php(325): CodeIgniter\CodeIgniter->run()
11 SYSTEMPATH\Boot.php(67): CodeIgniter\Boot::runCodeIgniter(Object(CodeIgniter\CodeIgniter))
12 FCPATH\index.php(56): CodeIgniter\Boot::bootWeb(Object(Config\Paths))
INFO - 2024-10-25 19:32:50 --> Session: Class initialized using 'CodeIgniter\Session\Handlers\FileHandler' driver.
INFO - 2024-10-25 19:32:53 --> Session: Class initialized using 'CodeIgniter\Session\Handlers\FileHandler' driver.
INFO - 2024-10-25 19:33:19 --> Session: Class initialized using 'CodeIgniter\Session\Handlers\FileHandler' driver.
INFO - 2024-10-25 19:33:19 --> Session: Class initialized using 'CodeIgniter\Session\Handlers\FileHandler' driver.
INFO - 2024-10-25 19:33:35 --> Session: Class initialized using 'CodeIgniter\Session\Handlers\FileHandler' driver.
ERROR - 2024-10-25 19:39:36 --> mysqli_sql_exception: Unknown column 'UID' in 'field list' in C:\xampp\htdocs\cosas\Prueba\system\Database\MySQLi\Connection.php:312
Stack trace:
#0 C:\xampp\htdocs\cosas\Prueba\system\Database\MySQLi\Connection.php(312): mysqli->query('INSERT INTO `re...', 0)
#1 C:\xampp\htdocs\cosas\Prueba\system\Database\BaseConnection.php(734): CodeIgniter\Database\MySQLi\Connection->execute('INSERT INTO `re...')
#2 C:\xampp\htdocs\cosas\Prueba\system\Database\BaseConnection.php(648): CodeIgniter\Database\BaseConnection->simpleQuery('INSERT INTO `re...')
#3 C:\xampp\htdocs\cosas\Prueba\system\Database\BaseBuilder.php(2340): CodeIgniter\Database\BaseConnection->query('INSERT INTO `re...', Array, false)
#4 C:\xampp\htdocs\cosas\Prueba\app\Models\AccessModel.php(14): CodeIgniter\Database\BaseBuilder->insert(Array)
#5 C:\xampp\htdocs\cosas\Prueba\app\Controllers\AccessController.php(33): App\Models\AccessModel->insertuid(Array)
#6 C:\xampp\htdocs\cosas\Prueba\system\CodeIgniter.php(933): App\Controllers\AccessController->registrar_acceso()
#7 C:\xampp\htdocs\cosas\Prueba\system\CodeIgniter.php(509): CodeIgniter\CodeIgniter->runController(Object(App\Controllers\AccessController))
#8 C:\xampp\htdocs\cosas\Prueba\system\CodeIgniter.php(355): CodeIgniter\CodeIgniter->handleRequest(NULL, Object(Config\Cache), false)
#9 C:\xampp\htdocs\cosas\Prueba\system\Boot.php(325): CodeIgniter\CodeIgniter->run()
#10 C:\xampp\htdocs\cosas\Prueba\system\Boot.php(67): CodeIgniter\Boot::runCodeIgniter(Object(CodeIgniter\CodeIgniter))
#11 C:\xampp\htdocs\cosas\Prueba\public\index.php(56): CodeIgniter\Boot::bootWeb(Object(Config\Paths))
#12 {main}
CRITICAL - 2024-10-25 19:39:36 --> CodeIgniter\Database\Exceptions\DatabaseException: Unknown column 'UID' in 'field list'
[Method: GET, Route: AccessController/registrar_acceso]
in SYSTEMPATH\Database\BaseConnection.php on line 688.
 1 SYSTEMPATH\Database\BaseBuilder.php(2340): CodeIgniter\Database\BaseConnection->query('INSERT INTO `registro_acceso_rf` (`Fecha_Hora`, `Resultado`, `Accion_Tomada`, `Fecha_Hora_Grabacion`, `Archivo_Video`, `Ubicacion_Camara`, `ID_Usuario`, `ID_Sistema`, `UID`) VALUES (:Fecha_Hora:, :Resultado:, :Accion_Tomada:, :Fecha_Hora_Grabacion:, :Archivo_Video:, :Ubicacion_Camara:, :ID_Usuario:, :ID_Sistema:, :UID:)', [...], false)
 2 APPPATH\Models\AccessModel.php(14): CodeIgniter\Database\BaseBuilder->insert([...])
 3 APPPATH\Controllers\AccessController.php(33): App\Models\AccessModel->insertuid([...])
 4 SYSTEMPATH\CodeIgniter.php(933): App\Controllers\AccessController->registrar_acceso()
 5 SYSTEMPATH\CodeIgniter.php(509): CodeIgniter\CodeIgniter->runController(Object(App\Controllers\AccessController))
 6 SYSTEMPATH\CodeIgniter.php(355): CodeIgniter\CodeIgniter->handleRequest(null, Object(Config\Cache), false)
 7 SYSTEMPATH\Boot.php(325): CodeIgniter\CodeIgniter->run()
 8 SYSTEMPATH\Boot.php(67): CodeIgniter\Boot::runCodeIgniter(Object(CodeIgniter\CodeIgniter))
 9 FCPATH\index.php(56): CodeIgniter\Boot::bootWeb(Object(Config\Paths))
CRITICAL - 2024-10-25 19:39:36 --> [Caused by] CodeIgniter\Database\Exceptions\DatabaseException: Unknown column 'UID' in 'field list'
in SYSTEMPATH\Database\MySQLi\Connection.php on line 317.
 1 SYSTEMPATH\Database\BaseConnection.php(734): CodeIgniter\Database\MySQLi\Connection->execute('INSERT INTO `registro_acceso_rf` (`Fecha_Hora`, `Resultado`, `Accion_Tomada`, `Fecha_Hora_Grabacion`, `Archivo_Video`, `Ubicacion_Camara`, `ID_Usuario`, `ID_Sistema`, `UID`) VALUES (\'2024-10-25 19:39:36\', \'Acceso concedido\', \'Ingreso\', \'2024-10-25 19:39:36\', \'xd\', \'xd\', NULL, NULL, \'0x2a6a991a\')')
 2 SYSTEMPATH\Database\BaseConnection.php(648): CodeIgniter\Database\BaseConnection->simpleQuery('INSERT INTO `registro_acceso_rf` (`Fecha_Hora`, `Resultado`, `Accion_Tomada`, `Fecha_Hora_Grabacion`, `Archivo_Video`, `Ubicacion_Camara`, `ID_Usuario`, `ID_Sistema`, `UID`) VALUES (\'2024-10-25 19:39:36\', \'Acceso concedido\', \'Ingreso\', \'2024-10-25 19:39:36\', \'xd\', \'xd\', NULL, NULL, \'0x2a6a991a\')')
 3 SYSTEMPATH\Database\BaseBuilder.php(2340): CodeIgniter\Database\BaseConnection->query('INSERT INTO `registro_acceso_rf` (`Fecha_Hora`, `Resultado`, `Accion_Tomada`, `Fecha_Hora_Grabacion`, `Archivo_Video`, `Ubicacion_Camara`, `ID_Usuario`, `ID_Sistema`, `UID`) VALUES (:Fecha_Hora:, :Resultado:, :Accion_Tomada:, :Fecha_Hora_Grabacion:, :Archivo_Video:, :Ubicacion_Camara:, :ID_Usuario:, :ID_Sistema:, :UID:)', [...], false)
 4 APPPATH\Models\AccessModel.php(14): CodeIgniter\Database\BaseBuilder->insert([...])
 5 APPPATH\Controllers\AccessController.php(33): App\Models\AccessModel->insertuid([...])
 6 SYSTEMPATH\CodeIgniter.php(933): App\Controllers\AccessController->registrar_acceso()
 7 SYSTEMPATH\CodeIgniter.php(509): CodeIgniter\CodeIgniter->runController(Object(App\Controllers\AccessController))
 8 SYSTEMPATH\CodeIgniter.php(355): CodeIgniter\CodeIgniter->handleRequest(null, Object(Config\Cache), false)
 9 SYSTEMPATH\Boot.php(325): CodeIgniter\CodeIgniter->run()
10 SYSTEMPATH\Boot.php(67): CodeIgniter\Boot::runCodeIgniter(Object(CodeIgniter\CodeIgniter))
11 FCPATH\index.php(56): CodeIgniter\Boot::bootWeb(Object(Config\Paths))
CRITICAL - 2024-10-25 19:39:36 --> [Caused by] mysqli_sql_exception: Unknown column 'UID' in 'field list'
in SYSTEMPATH\Database\MySQLi\Connection.php on line 312.
 1 SYSTEMPATH\Database\MySQLi\Connection.php(312): mysqli->query('INSERT INTO `registro_acceso_rf` (`Fecha_Hora`, `Resultado`, `Accion_Tomada`, `Fecha_Hora_Grabacion`, `Archivo_Video`, `Ubicacion_Camara`, `ID_Usuario`, `ID_Sistema`, `UID`) VALUES (\'2024-10-25 19:39:36\', \'Acceso concedido\', \'Ingreso\', \'2024-10-25 19:39:36\', \'xd\', \'xd\', NULL, NULL, \'0x2a6a991a\')', 0)
 2 SYSTEMPATH\Database\BaseConnection.php(734): CodeIgniter\Database\MySQLi\Connection->execute('INSERT INTO `registro_acceso_rf` (`Fecha_Hora`, `Resultado`, `Accion_Tomada`, `Fecha_Hora_Grabacion`, `Archivo_Video`, `Ubicacion_Camara`, `ID_Usuario`, `ID_Sistema`, `UID`) VALUES (\'2024-10-25 19:39:36\', \'Acceso concedido\', \'Ingreso\', \'2024-10-25 19:39:36\', \'xd\', \'xd\', NULL, NULL, \'0x2a6a991a\')')
 3 SYSTEMPATH\Database\BaseConnection.php(648): CodeIgniter\Database\BaseConnection->simpleQuery('INSERT INTO `registro_acceso_rf` (`Fecha_Hora`, `Resultado`, `Accion_Tomada`, `Fecha_Hora_Grabacion`, `Archivo_Video`, `Ubicacion_Camara`, `ID_Usuario`, `ID_Sistema`, `UID`) VALUES (\'2024-10-25 19:39:36\', \'Acceso concedido\', \'Ingreso\', \'2024-10-25 19:39:36\', \'xd\', \'xd\', NULL, NULL, \'0x2a6a991a\')')
 4 SYSTEMPATH\Database\BaseBuilder.php(2340): CodeIgniter\Database\BaseConnection->query('INSERT INTO `registro_acceso_rf` (`Fecha_Hora`, `Resultado`, `Accion_Tomada`, `Fecha_Hora_Grabacion`, `Archivo_Video`, `Ubicacion_Camara`, `ID_Usuario`, `ID_Sistema`, `UID`) VALUES (:Fecha_Hora:, :Resultado:, :Accion_Tomada:, :Fecha_Hora_Grabacion:, :Archivo_Video:, :Ubicacion_Camara:, :ID_Usuario:, :ID_Sistema:, :UID:)', [...], false)
 5 APPPATH\Models\AccessModel.php(14): CodeIgniter\Database\BaseBuilder->insert([...])
 6 APPPATH\Controllers\AccessController.php(33): App\Models\AccessModel->insertuid([...])
 7 SYSTEMPATH\CodeIgniter.php(933): App\Controllers\AccessController->registrar_acceso()
 8 SYSTEMPATH\CodeIgniter.php(509): CodeIgniter\CodeIgniter->runController(Object(App\Controllers\AccessController))
 9 SYSTEMPATH\CodeIgniter.php(355): CodeIgniter\CodeIgniter->handleRequest(null, Object(Config\Cache), false)
10 SYSTEMPATH\Boot.php(325): CodeIgniter\CodeIgniter->run()
11 SYSTEMPATH\Boot.php(67): CodeIgniter\Boot::runCodeIgniter(Object(CodeIgniter\CodeIgniter))
12 FCPATH\index.php(56): CodeIgniter\Boot::bootWeb(Object(Config\Paths))
INFO - 2024-10-25 19:39:53 --> Session: Class initialized using 'CodeIgniter\Session\Handlers\FileHandler' driver.
INFO - 2024-10-25 19:40:09 --> Session: Class initialized using 'CodeIgniter\Session\Handlers\FileHandler' driver.
INFO - 2024-10-25 19:40:16 --> Session: Class initialized using 'CodeIgniter\Session\Handlers\FileHandler' driver.
INFO - 2024-10-25 19:50:08 --> Session: Class initialized using 'CodeIgniter\Session\Handlers\FileHandler' driver.
INFO - 2024-10-25 19:51:33 --> Session: Class initialized using 'CodeIgniter\Session\Handlers\FileHandler' driver.
INFO - 2024-10-25 19:51:35 --> Session: Class initialized using 'CodeIgniter\Session\Handlers\FileHandler' driver.
INFO - 2024-10-25 19:51:38 --> Session: Class initialized using 'CodeIgniter\Session\Handlers\FileHandler' driver.
INFO - 2024-10-25 19:51:40 --> Session: Class initialized using 'CodeIgniter\Session\Handlers\FileHandler' driver.
INFO - 2024-10-25 19:51:41 --> Session: Class initialized using 'CodeIgniter\Session\Handlers\FileHandler' driver.
INFO - 2024-10-25 19:51:44 --> Session: Class initialized using 'CodeIgniter\Session\Handlers\FileHandler' driver.
INFO - 2024-10-25 19:52:57 --> Session: Class initialized using 'CodeIgniter\Session\Handlers\FileHandler' driver.
INFO - 2024-10-25 19:55:21 --> Session: Class initialized using 'CodeIgniter\Session\Handlers\FileHandler' driver.
INFO - 2024-10-25 19:56:37 --> Session: Class initialized using 'CodeIgniter\Session\Handlers\FileHandler' driver.
INFO - 2024-10-25 19:56:39 --> Session: Class initialized using 'CodeIgniter\Session\Handlers\FileHandler' driver.
INFO - 2024-10-25 19:56:47 --> Session: Class initialized using 'CodeIgniter\Session\Handlers\FileHandler' driver.
INFO - 2024-10-25 19:56:51 --> Session: Class initialized using 'CodeIgniter\Session\Handlers\FileHandler' driver.
INFO - 2024-10-25 19:56:55 --> Session: Class initialized using 'CodeIgniter\Session\Handlers\FileHandler' driver.
INFO - 2024-10-25 19:57:00 --> Session: Class initialized using 'CodeIgniter\Session\Handlers\FileHandler' driver.
INFO - 2024-10-25 19:57:00 --> Session: Class initialized using 'CodeIgniter\Session\Handlers\FileHandler' driver.
INFO - 2024-10-25 19:57:04 --> Session: Class initialized using 'CodeIgniter\Session\Handlers\FileHandler' driver.
INFO - 2024-10-25 19:57:13 --> Session: Class initialized using 'CodeIgniter\Session\Handlers\FileHandler' driver.
INFO - 2024-10-25 19:57:13 --> Session: Class initialized using 'CodeIgniter\Session\Handlers\FileHandler' driver.
INFO - 2024-10-25 20:02:13 --> Session: Class initialized using 'CodeIgniter\Session\Handlers\FileHandler' driver.
INFO - 2024-10-25 20:03:28 --> Session: Class initialized using 'CodeIgniter\Session\Handlers\FileHandler' driver.
INFO - 2024-10-25 20:04:08 --> Session: Class initialized using 'CodeIgniter\Session\Handlers\FileHandler' driver.
INFO - 2024-10-25 20:04:08 --> Session: Class initialized using 'CodeIgniter\Session\Handlers\FileHandler' driver.
INFO - 2024-10-25 20:04:13 --> Session: Class initialized using 'CodeIgniter\Session\Handlers\FileHandler' driver.
INFO - 2024-10-25 20:04:17 --> Session: Class initialized using 'CodeIgniter\Session\Handlers\FileHandler' driver.
INFO - 2024-10-25 20:04:20 --> Session: Class initialized using 'CodeIgniter\Session\Handlers\FileHandler' driver.
INFO - 2024-10-25 20:04:25 --> Session: Class initialized using 'CodeIgniter\Session\Handlers\FileHandler' driver.
INFO - 2024-10-25 20:05:07 --> Session: Class initialized using 'CodeIgniter\Session\Handlers\FileHandler' driver.
INFO - 2024-10-25 20:05:23 --> Session: Class initialized using 'CodeIgniter\Session\Handlers\FileHandler' driver.
INFO - 2024-10-25 20:05:26 --> Session: Class initialized using 'CodeIgniter\Session\Handlers\FileHandler' driver.
INFO - 2024-10-25 20:05:38 --> Session: Class initialized using 'CodeIgniter\Session\Handlers\FileHandler' driver.
INFO - 2024-10-25 20:06:41 --> Session: Class initialized using 'CodeIgniter\Session\Handlers\FileHandler' driver.
INFO - 2024-10-25 20:06:47 --> Session: Class initialized using 'CodeIgniter\Session\Handlers\FileHandler' driver.
INFO - 2024-10-25 20:06:48 --> Session: Class initialized using 'CodeIgniter\Session\Handlers\FileHandler' driver.
INFO - 2024-10-25 20:06:54 --> Session: Class initialized using 'CodeIgniter\Session\Handlers\FileHandler' driver.
INFO - 2024-10-25 20:06:58 --> Session: Class initialized using 'CodeIgniter\Session\Handlers\FileHandler' driver.
INFO - 2024-10-25 20:07:11 --> Session: Class initialized using 'CodeIgniter\Session\Handlers\FileHandler' driver.
INFO - 2024-10-25 20:07:12 --> Session: Class initialized using 'CodeIgniter\Session\Handlers\FileHandler' driver.
INFO - 2024-10-25 20:07:17 --> Session: Class initialized using 'CodeIgniter\Session\Handlers\FileHandler' driver.
INFO - 2024-10-25 20:07:20 --> Session: Class initialized using 'CodeIgniter\Session\Handlers\FileHandler' driver.
INFO - 2024-10-25 20:07:29 --> Session: Class initialized using 'CodeIgniter\Session\Handlers\FileHandler' driver.
INFO - 2024-10-25 20:07:42 --> Session: Class initialized using 'CodeIgniter\Session\Handlers\FileHandler' driver.
INFO - 2024-10-25 20:07:50 --> Session: Class initialized using 'CodeIgniter\Session\Handlers\FileHandler' driver.
INFO - 2024-10-25 20:07:51 --> Session: Class initialized using 'CodeIgniter\Session\Handlers\FileHandler' driver.
INFO - 2024-10-25 20:07:55 --> Session: Class initialized using 'CodeIgniter\Session\Handlers\FileHandler' driver.
INFO - 2024-10-25 20:07:56 --> Session: Class initialized using 'CodeIgniter\Session\Handlers\FileHandler' driver.
INFO - 2024-10-25 20:08:08 --> Session: Class initialized using 'CodeIgniter\Session\Handlers\FileHandler' driver.
INFO - 2024-10-25 20:08:12 --> Session: Class initialized using 'CodeIgniter\Session\Handlers\FileHandler' driver.
INFO - 2024-10-25 20:08:13 --> Session: Class initialized using 'CodeIgniter\Session\Handlers\FileHandler' driver.
INFO - 2024-10-25 20:08:24 --> Session: Class initialized using 'CodeIgniter\Session\Handlers\FileHandler' driver.
INFO - 2024-10-25 20:08:24 --> Session: Class initialized using 'CodeIgniter\Session\Handlers\FileHandler' driver.
INFO - 2024-10-25 20:19:40 --> Session: Class initialized using 'CodeIgniter\Session\Handlers\FileHandler' driver.
INFO - 2024-10-25 20:19:42 --> Session: Class initialized using 'CodeIgniter\Session\Handlers\FileHandler' driver.
INFO - 2024-10-25 20:19:55 --> Session: Class initialized using 'CodeIgniter\Session\Handlers\FileHandler' driver.
