ERROR - 2024-11-15 20:23:26 --> mysqli_sql_exception: Cannot delete or update a parent row: a foreign key constraint fails (`codeigniter4_bd`.`registro_acceso_web`, CONSTRAINT `registro_acceso_web_ibfk_1` FOREIGN KEY (`ID_Usuario`) REFERENCES `usuario` (`ID_Usuario`)) in C:\xampp\htdocs\cosas\Prueba\system\Database\MySQLi\Connection.php:312
Stack trace:
#0 C:\xampp\htdocs\cosas\Prueba\system\Database\MySQLi\Connection.php(312): mysqli->query('DELETE FROM `us...', 0)
#1 C:\xampp\htdocs\cosas\Prueba\system\Database\BaseConnection.php(734): CodeIgniter\Database\MySQLi\Connection->execute('DELETE FROM `us...')
#2 C:\xampp\htdocs\cosas\Prueba\system\Database\BaseConnection.php(648): CodeIgniter\Database\BaseConnection->simpleQuery('DELETE FROM `us...')
#3 C:\xampp\htdocs\cosas\Prueba\system\Database\BaseBuilder.php(2843): CodeIgniter\Database\BaseConnection->query('DELETE FROM `us...', Array, false)
#4 C:\xampp\htdocs\cosas\Prueba\app\Models\UserModel.php(74): CodeIgniter\Database\BaseBuilder->delete()
#5 C:\xampp\htdocs\cosas\Prueba\app\Controllers\UserController.php(88): App\Models\UserModel->deleteUser('17')
#6 C:\xampp\htdocs\cosas\Prueba\system\CodeIgniter.php(933): App\Controllers\UserController->eliminarUsuario()
#7 C:\xampp\htdocs\cosas\Prueba\system\CodeIgniter.php(509): CodeIgniter\CodeIgniter->runController(Object(App\Controllers\UserController))
#8 C:\xampp\htdocs\cosas\Prueba\system\CodeIgniter.php(355): CodeIgniter\CodeIgniter->handleRequest(NULL, Object(Config\Cache), false)
#9 C:\xampp\htdocs\cosas\Prueba\system\Boot.php(325): CodeIgniter\CodeIgniter->run()
#10 C:\xampp\htdocs\cosas\Prueba\system\Boot.php(67): CodeIgniter\Boot::runCodeIgniter(Object(CodeIgniter\CodeIgniter))
#11 C:\xampp\htdocs\cosas\Prueba\public\index.php(56): CodeIgniter\Boot::bootWeb(Object(Config\Paths))
#12 {main}
ERROR - 2024-11-15 20:23:34 --> mysqli_sql_exception: Cannot delete or update a parent row: a foreign key constraint fails (`codeigniter4_bd`.`registro_acceso_web`, CONSTRAINT `registro_acceso_web_ibfk_1` FOREIGN KEY (`ID_Usuario`) REFERENCES `usuario` (`ID_Usuario`)) in C:\xampp\htdocs\cosas\Prueba\system\Database\MySQLi\Connection.php:312
Stack trace:
#0 C:\xampp\htdocs\cosas\Prueba\system\Database\MySQLi\Connection.php(312): mysqli->query('DELETE FROM `us...', 0)
#1 C:\xampp\htdocs\cosas\Prueba\system\Database\BaseConnection.php(734): CodeIgniter\Database\MySQLi\Connection->execute('DELETE FROM `us...')
#2 C:\xampp\htdocs\cosas\Prueba\system\Database\BaseConnection.php(648): CodeIgniter\Database\BaseConnection->simpleQuery('DELETE FROM `us...')
#3 C:\xampp\htdocs\cosas\Prueba\system\Database\BaseBuilder.php(2843): CodeIgniter\Database\BaseConnection->query('DELETE FROM `us...', Array, false)
#4 C:\xampp\htdocs\cosas\Prueba\app\Models\UserModel.php(74): CodeIgniter\Database\BaseBuilder->delete()
#5 C:\xampp\htdocs\cosas\Prueba\app\Controllers\UserController.php(88): App\Models\UserModel->deleteUser('17')
#6 C:\xampp\htdocs\cosas\Prueba\system\CodeIgniter.php(933): App\Controllers\UserController->eliminarUsuario()
#7 C:\xampp\htdocs\cosas\Prueba\system\CodeIgniter.php(509): CodeIgniter\CodeIgniter->runController(Object(App\Controllers\UserController))
#8 C:\xampp\htdocs\cosas\Prueba\system\CodeIgniter.php(355): CodeIgniter\CodeIgniter->handleRequest(NULL, Object(Config\Cache), false)
#9 C:\xampp\htdocs\cosas\Prueba\system\Boot.php(325): CodeIgniter\CodeIgniter->run()
#10 C:\xampp\htdocs\cosas\Prueba\system\Boot.php(67): CodeIgniter\Boot::runCodeIgniter(Object(CodeIgniter\CodeIgniter))
#11 C:\xampp\htdocs\cosas\Prueba\public\index.php(56): CodeIgniter\Boot::bootWeb(Object(Config\Paths))
#12 {main}
ERROR - 2024-11-15 20:23:35 --> mysqli_sql_exception: Cannot delete or update a parent row: a foreign key constraint fails (`codeigniter4_bd`.`registro_acceso_web`, CONSTRAINT `registro_acceso_web_ibfk_1` FOREIGN KEY (`ID_Usuario`) REFERENCES `usuario` (`ID_Usuario`)) in C:\xampp\htdocs\cosas\Prueba\system\Database\MySQLi\Connection.php:312
Stack trace:
#0 C:\xampp\htdocs\cosas\Prueba\system\Database\MySQLi\Connection.php(312): mysqli->query('DELETE FROM `us...', 0)
#1 C:\xampp\htdocs\cosas\Prueba\system\Database\BaseConnection.php(734): CodeIgniter\Database\MySQLi\Connection->execute('DELETE FROM `us...')
#2 C:\xampp\htdocs\cosas\Prueba\system\Database\BaseConnection.php(648): CodeIgniter\Database\BaseConnection->simpleQuery('DELETE FROM `us...')
#3 C:\xampp\htdocs\cosas\Prueba\system\Database\BaseBuilder.php(2843): CodeIgniter\Database\BaseConnection->query('DELETE FROM `us...', Array, false)
#4 C:\xampp\htdocs\cosas\Prueba\app\Models\UserModel.php(74): CodeIgniter\Database\BaseBuilder->delete()
#5 C:\xampp\htdocs\cosas\Prueba\app\Controllers\UserController.php(88): App\Models\UserModel->deleteUser('17')
#6 C:\xampp\htdocs\cosas\Prueba\system\CodeIgniter.php(933): App\Controllers\UserController->eliminarUsuario()
#7 C:\xampp\htdocs\cosas\Prueba\system\CodeIgniter.php(509): CodeIgniter\CodeIgniter->runController(Object(App\Controllers\UserController))
#8 C:\xampp\htdocs\cosas\Prueba\system\CodeIgniter.php(355): CodeIgniter\CodeIgniter->handleRequest(NULL, Object(Config\Cache), false)
#9 C:\xampp\htdocs\cosas\Prueba\system\Boot.php(325): CodeIgniter\CodeIgniter->run()
#10 C:\xampp\htdocs\cosas\Prueba\system\Boot.php(67): CodeIgniter\Boot::runCodeIgniter(Object(CodeIgniter\CodeIgniter))
#11 C:\xampp\htdocs\cosas\Prueba\public\index.php(56): CodeIgniter\Boot::bootWeb(Object(Config\Paths))
#12 {main}
ERROR - 2024-11-15 20:23:39 --> mysqli_sql_exception: Cannot delete or update a parent row: a foreign key constraint fails (`codeigniter4_bd`.`registro_acceso_web`, CONSTRAINT `registro_acceso_web_ibfk_1` FOREIGN KEY (`ID_Usuario`) REFERENCES `usuario` (`ID_Usuario`)) in C:\xampp\htdocs\cosas\Prueba\system\Database\MySQLi\Connection.php:312
Stack trace:
#0 C:\xampp\htdocs\cosas\Prueba\system\Database\MySQLi\Connection.php(312): mysqli->query('DELETE FROM `us...', 0)
#1 C:\xampp\htdocs\cosas\Prueba\system\Database\BaseConnection.php(734): CodeIgniter\Database\MySQLi\Connection->execute('DELETE FROM `us...')
#2 C:\xampp\htdocs\cosas\Prueba\system\Database\BaseConnection.php(648): CodeIgniter\Database\BaseConnection->simpleQuery('DELETE FROM `us...')
#3 C:\xampp\htdocs\cosas\Prueba\system\Database\BaseBuilder.php(2843): CodeIgniter\Database\BaseConnection->query('DELETE FROM `us...', Array, false)
#4 C:\xampp\htdocs\cosas\Prueba\app\Models\UserModel.php(74): CodeIgniter\Database\BaseBuilder->delete()
#5 C:\xampp\htdocs\cosas\Prueba\app\Controllers\UserController.php(88): App\Models\UserModel->deleteUser('17')
#6 C:\xampp\htdocs\cosas\Prueba\system\CodeIgniter.php(933): App\Controllers\UserController->eliminarUsuario()
#7 C:\xampp\htdocs\cosas\Prueba\system\CodeIgniter.php(509): CodeIgniter\CodeIgniter->runController(Object(App\Controllers\UserController))
#8 C:\xampp\htdocs\cosas\Prueba\system\CodeIgniter.php(355): CodeIgniter\CodeIgniter->handleRequest(NULL, Object(Config\Cache), false)
#9 C:\xampp\htdocs\cosas\Prueba\system\Boot.php(325): CodeIgniter\CodeIgniter->run()
#10 C:\xampp\htdocs\cosas\Prueba\system\Boot.php(67): CodeIgniter\Boot::runCodeIgniter(Object(CodeIgniter\CodeIgniter))
#11 C:\xampp\htdocs\cosas\Prueba\public\index.php(56): CodeIgniter\Boot::bootWeb(Object(Config\Paths))
#12 {main}
ERROR - 2024-11-15 20:23:42 --> mysqli_sql_exception: Cannot delete or update a parent row: a foreign key constraint fails (`codeigniter4_bd`.`registro_acceso_web`, CONSTRAINT `registro_acceso_web_ibfk_1` FOREIGN KEY (`ID_Usuario`) REFERENCES `usuario` (`ID_Usuario`)) in C:\xampp\htdocs\cosas\Prueba\system\Database\MySQLi\Connection.php:312
Stack trace:
#0 C:\xampp\htdocs\cosas\Prueba\system\Database\MySQLi\Connection.php(312): mysqli->query('DELETE FROM `us...', 0)
#1 C:\xampp\htdocs\cosas\Prueba\system\Database\BaseConnection.php(734): CodeIgniter\Database\MySQLi\Connection->execute('DELETE FROM `us...')
#2 C:\xampp\htdocs\cosas\Prueba\system\Database\BaseConnection.php(648): CodeIgniter\Database\BaseConnection->simpleQuery('DELETE FROM `us...')
#3 C:\xampp\htdocs\cosas\Prueba\system\Database\BaseBuilder.php(2843): CodeIgniter\Database\BaseConnection->query('DELETE FROM `us...', Array, false)
#4 C:\xampp\htdocs\cosas\Prueba\app\Models\UserModel.php(74): CodeIgniter\Database\BaseBuilder->delete()
#5 C:\xampp\htdocs\cosas\Prueba\app\Controllers\UserController.php(88): App\Models\UserModel->deleteUser('17')
#6 C:\xampp\htdocs\cosas\Prueba\system\CodeIgniter.php(933): App\Controllers\UserController->eliminarUsuario()
#7 C:\xampp\htdocs\cosas\Prueba\system\CodeIgniter.php(509): CodeIgniter\CodeIgniter->runController(Object(App\Controllers\UserController))
#8 C:\xampp\htdocs\cosas\Prueba\system\CodeIgniter.php(355): CodeIgniter\CodeIgniter->handleRequest(NULL, Object(Config\Cache), false)
#9 C:\xampp\htdocs\cosas\Prueba\system\Boot.php(325): CodeIgniter\CodeIgniter->run()
#10 C:\xampp\htdocs\cosas\Prueba\system\Boot.php(67): CodeIgniter\Boot::runCodeIgniter(Object(CodeIgniter\CodeIgniter))
#11 C:\xampp\htdocs\cosas\Prueba\public\index.php(56): CodeIgniter\Boot::bootWeb(Object(Config\Paths))
#12 {main}
ERROR - 2024-11-15 20:23:43 --> mysqli_sql_exception: Cannot delete or update a parent row: a foreign key constraint fails (`codeigniter4_bd`.`registro_acceso_web`, CONSTRAINT `registro_acceso_web_ibfk_1` FOREIGN KEY (`ID_Usuario`) REFERENCES `usuario` (`ID_Usuario`)) in C:\xampp\htdocs\cosas\Prueba\system\Database\MySQLi\Connection.php:312
Stack trace:
#0 C:\xampp\htdocs\cosas\Prueba\system\Database\MySQLi\Connection.php(312): mysqli->query('DELETE FROM `us...', 0)
#1 C:\xampp\htdocs\cosas\Prueba\system\Database\BaseConnection.php(734): CodeIgniter\Database\MySQLi\Connection->execute('DELETE FROM `us...')
#2 C:\xampp\htdocs\cosas\Prueba\system\Database\BaseConnection.php(648): CodeIgniter\Database\BaseConnection->simpleQuery('DELETE FROM `us...')
#3 C:\xampp\htdocs\cosas\Prueba\system\Database\BaseBuilder.php(2843): CodeIgniter\Database\BaseConnection->query('DELETE FROM `us...', Array, false)
#4 C:\xampp\htdocs\cosas\Prueba\app\Models\UserModel.php(74): CodeIgniter\Database\BaseBuilder->delete()
#5 C:\xampp\htdocs\cosas\Prueba\app\Controllers\UserController.php(88): App\Models\UserModel->deleteUser('17')
#6 C:\xampp\htdocs\cosas\Prueba\system\CodeIgniter.php(933): App\Controllers\UserController->eliminarUsuario()
#7 C:\xampp\htdocs\cosas\Prueba\system\CodeIgniter.php(509): CodeIgniter\CodeIgniter->runController(Object(App\Controllers\UserController))
#8 C:\xampp\htdocs\cosas\Prueba\system\CodeIgniter.php(355): CodeIgniter\CodeIgniter->handleRequest(NULL, Object(Config\Cache), false)
#9 C:\xampp\htdocs\cosas\Prueba\system\Boot.php(325): CodeIgniter\CodeIgniter->run()
#10 C:\xampp\htdocs\cosas\Prueba\system\Boot.php(67): CodeIgniter\Boot::runCodeIgniter(Object(CodeIgniter\CodeIgniter))
#11 C:\xampp\htdocs\cosas\Prueba\public\index.php(56): CodeIgniter\Boot::bootWeb(Object(Config\Paths))
#12 {main}
ERROR - 2024-11-15 20:23:44 --> mysqli_sql_exception: Cannot delete or update a parent row: a foreign key constraint fails (`codeigniter4_bd`.`registro_acceso_web`, CONSTRAINT `registro_acceso_web_ibfk_1` FOREIGN KEY (`ID_Usuario`) REFERENCES `usuario` (`ID_Usuario`)) in C:\xampp\htdocs\cosas\Prueba\system\Database\MySQLi\Connection.php:312
Stack trace:
#0 C:\xampp\htdocs\cosas\Prueba\system\Database\MySQLi\Connection.php(312): mysqli->query('DELETE FROM `us...', 0)
#1 C:\xampp\htdocs\cosas\Prueba\system\Database\BaseConnection.php(734): CodeIgniter\Database\MySQLi\Connection->execute('DELETE FROM `us...')
#2 C:\xampp\htdocs\cosas\Prueba\system\Database\BaseConnection.php(648): CodeIgniter\Database\BaseConnection->simpleQuery('DELETE FROM `us...')
#3 C:\xampp\htdocs\cosas\Prueba\system\Database\BaseBuilder.php(2843): CodeIgniter\Database\BaseConnection->query('DELETE FROM `us...', Array, false)
#4 C:\xampp\htdocs\cosas\Prueba\app\Models\UserModel.php(74): CodeIgniter\Database\BaseBuilder->delete()
#5 C:\xampp\htdocs\cosas\Prueba\app\Controllers\UserController.php(88): App\Models\UserModel->deleteUser('17')
#6 C:\xampp\htdocs\cosas\Prueba\system\CodeIgniter.php(933): App\Controllers\UserController->eliminarUsuario()
#7 C:\xampp\htdocs\cosas\Prueba\system\CodeIgniter.php(509): CodeIgniter\CodeIgniter->runController(Object(App\Controllers\UserController))
#8 C:\xampp\htdocs\cosas\Prueba\system\CodeIgniter.php(355): CodeIgniter\CodeIgniter->handleRequest(NULL, Object(Config\Cache), false)
#9 C:\xampp\htdocs\cosas\Prueba\system\Boot.php(325): CodeIgniter\CodeIgniter->run()
#10 C:\xampp\htdocs\cosas\Prueba\system\Boot.php(67): CodeIgniter\Boot::runCodeIgniter(Object(CodeIgniter\CodeIgniter))
#11 C:\xampp\htdocs\cosas\Prueba\public\index.php(56): CodeIgniter\Boot::bootWeb(Object(Config\Paths))
#12 {main}
ERROR - 2024-11-15 20:23:51 --> mysqli_sql_exception: Cannot delete or update a parent row: a foreign key constraint fails (`codeigniter4_bd`.`registro_acceso_web`, CONSTRAINT `registro_acceso_web_ibfk_1` FOREIGN KEY (`ID_Usuario`) REFERENCES `usuario` (`ID_Usuario`)) in C:\xampp\htdocs\cosas\Prueba\system\Database\MySQLi\Connection.php:312
Stack trace:
#0 C:\xampp\htdocs\cosas\Prueba\system\Database\MySQLi\Connection.php(312): mysqli->query('DELETE FROM `us...', 0)
#1 C:\xampp\htdocs\cosas\Prueba\system\Database\BaseConnection.php(734): CodeIgniter\Database\MySQLi\Connection->execute('DELETE FROM `us...')
#2 C:\xampp\htdocs\cosas\Prueba\system\Database\BaseConnection.php(648): CodeIgniter\Database\BaseConnection->simpleQuery('DELETE FROM `us...')
#3 C:\xampp\htdocs\cosas\Prueba\system\Database\BaseBuilder.php(2843): CodeIgniter\Database\BaseConnection->query('DELETE FROM `us...', Array, false)
#4 C:\xampp\htdocs\cosas\Prueba\app\Models\UserModel.php(74): CodeIgniter\Database\BaseBuilder->delete()
#5 C:\xampp\htdocs\cosas\Prueba\app\Controllers\UserController.php(88): App\Models\UserModel->deleteUser('17')
#6 C:\xampp\htdocs\cosas\Prueba\system\CodeIgniter.php(933): App\Controllers\UserController->eliminarUsuario()
#7 C:\xampp\htdocs\cosas\Prueba\system\CodeIgniter.php(509): CodeIgniter\CodeIgniter->runController(Object(App\Controllers\UserController))
#8 C:\xampp\htdocs\cosas\Prueba\system\CodeIgniter.php(355): CodeIgniter\CodeIgniter->handleRequest(NULL, Object(Config\Cache), false)
#9 C:\xampp\htdocs\cosas\Prueba\system\Boot.php(325): CodeIgniter\CodeIgniter->run()
#10 C:\xampp\htdocs\cosas\Prueba\system\Boot.php(67): CodeIgniter\Boot::runCodeIgniter(Object(CodeIgniter\CodeIgniter))
#11 C:\xampp\htdocs\cosas\Prueba\public\index.php(56): CodeIgniter\Boot::bootWeb(Object(Config\Paths))
#12 {main}
ERROR - 2024-11-15 20:23:52 --> mysqli_sql_exception: Cannot delete or update a parent row: a foreign key constraint fails (`codeigniter4_bd`.`registro_acceso_web`, CONSTRAINT `registro_acceso_web_ibfk_1` FOREIGN KEY (`ID_Usuario`) REFERENCES `usuario` (`ID_Usuario`)) in C:\xampp\htdocs\cosas\Prueba\system\Database\MySQLi\Connection.php:312
Stack trace:
#0 C:\xampp\htdocs\cosas\Prueba\system\Database\MySQLi\Connection.php(312): mysqli->query('DELETE FROM `us...', 0)
#1 C:\xampp\htdocs\cosas\Prueba\system\Database\BaseConnection.php(734): CodeIgniter\Database\MySQLi\Connection->execute('DELETE FROM `us...')
#2 C:\xampp\htdocs\cosas\Prueba\system\Database\BaseConnection.php(648): CodeIgniter\Database\BaseConnection->simpleQuery('DELETE FROM `us...')
#3 C:\xampp\htdocs\cosas\Prueba\system\Database\BaseBuilder.php(2843): CodeIgniter\Database\BaseConnection->query('DELETE FROM `us...', Array, false)
#4 C:\xampp\htdocs\cosas\Prueba\app\Models\UserModel.php(74): CodeIgniter\Database\BaseBuilder->delete()
#5 C:\xampp\htdocs\cosas\Prueba\app\Controllers\UserController.php(88): App\Models\UserModel->deleteUser('17')
#6 C:\xampp\htdocs\cosas\Prueba\system\CodeIgniter.php(933): App\Controllers\UserController->eliminarUsuario()
#7 C:\xampp\htdocs\cosas\Prueba\system\CodeIgniter.php(509): CodeIgniter\CodeIgniter->runController(Object(App\Controllers\UserController))
#8 C:\xampp\htdocs\cosas\Prueba\system\CodeIgniter.php(355): CodeIgniter\CodeIgniter->handleRequest(NULL, Object(Config\Cache), false)
#9 C:\xampp\htdocs\cosas\Prueba\system\Boot.php(325): CodeIgniter\CodeIgniter->run()
#10 C:\xampp\htdocs\cosas\Prueba\system\Boot.php(67): CodeIgniter\Boot::runCodeIgniter(Object(CodeIgniter\CodeIgniter))
#11 C:\xampp\htdocs\cosas\Prueba\public\index.php(56): CodeIgniter\Boot::bootWeb(Object(Config\Paths))
#12 {main}
ERROR - 2024-11-15 20:23:52 --> mysqli_sql_exception: Cannot delete or update a parent row: a foreign key constraint fails (`codeigniter4_bd`.`registro_acceso_web`, CONSTRAINT `registro_acceso_web_ibfk_1` FOREIGN KEY (`ID_Usuario`) REFERENCES `usuario` (`ID_Usuario`)) in C:\xampp\htdocs\cosas\Prueba\system\Database\MySQLi\Connection.php:312
Stack trace:
#0 C:\xampp\htdocs\cosas\Prueba\system\Database\MySQLi\Connection.php(312): mysqli->query('DELETE FROM `us...', 0)
#1 C:\xampp\htdocs\cosas\Prueba\system\Database\BaseConnection.php(734): CodeIgniter\Database\MySQLi\Connection->execute('DELETE FROM `us...')
#2 C:\xampp\htdocs\cosas\Prueba\system\Database\BaseConnection.php(648): CodeIgniter\Database\BaseConnection->simpleQuery('DELETE FROM `us...')
#3 C:\xampp\htdocs\cosas\Prueba\system\Database\BaseBuilder.php(2843): CodeIgniter\Database\BaseConnection->query('DELETE FROM `us...', Array, false)
#4 C:\xampp\htdocs\cosas\Prueba\app\Models\UserModel.php(74): CodeIgniter\Database\BaseBuilder->delete()
#5 C:\xampp\htdocs\cosas\Prueba\app\Controllers\UserController.php(88): App\Models\UserModel->deleteUser('17')
#6 C:\xampp\htdocs\cosas\Prueba\system\CodeIgniter.php(933): App\Controllers\UserController->eliminarUsuario()
#7 C:\xampp\htdocs\cosas\Prueba\system\CodeIgniter.php(509): CodeIgniter\CodeIgniter->runController(Object(App\Controllers\UserController))
#8 C:\xampp\htdocs\cosas\Prueba\system\CodeIgniter.php(355): CodeIgniter\CodeIgniter->handleRequest(NULL, Object(Config\Cache), false)
#9 C:\xampp\htdocs\cosas\Prueba\system\Boot.php(325): CodeIgniter\CodeIgniter->run()
#10 C:\xampp\htdocs\cosas\Prueba\system\Boot.php(67): CodeIgniter\Boot::runCodeIgniter(Object(CodeIgniter\CodeIgniter))
#11 C:\xampp\htdocs\cosas\Prueba\public\index.php(56): CodeIgniter\Boot::bootWeb(Object(Config\Paths))
#12 {main}
ERROR - 2024-11-15 20:23:52 --> mysqli_sql_exception: Cannot delete or update a parent row: a foreign key constraint fails (`codeigniter4_bd`.`registro_acceso_web`, CONSTRAINT `registro_acceso_web_ibfk_1` FOREIGN KEY (`ID_Usuario`) REFERENCES `usuario` (`ID_Usuario`)) in C:\xampp\htdocs\cosas\Prueba\system\Database\MySQLi\Connection.php:312
Stack trace:
#0 C:\xampp\htdocs\cosas\Prueba\system\Database\MySQLi\Connection.php(312): mysqli->query('DELETE FROM `us...', 0)
#1 C:\xampp\htdocs\cosas\Prueba\system\Database\BaseConnection.php(734): CodeIgniter\Database\MySQLi\Connection->execute('DELETE FROM `us...')
#2 C:\xampp\htdocs\cosas\Prueba\system\Database\BaseConnection.php(648): CodeIgniter\Database\BaseConnection->simpleQuery('DELETE FROM `us...')
#3 C:\xampp\htdocs\cosas\Prueba\system\Database\BaseBuilder.php(2843): CodeIgniter\Database\BaseConnection->query('DELETE FROM `us...', Array, false)
#4 C:\xampp\htdocs\cosas\Prueba\app\Models\UserModel.php(74): CodeIgniter\Database\BaseBuilder->delete()
#5 C:\xampp\htdocs\cosas\Prueba\app\Controllers\UserController.php(88): App\Models\UserModel->deleteUser('17')
#6 C:\xampp\htdocs\cosas\Prueba\system\CodeIgniter.php(933): App\Controllers\UserController->eliminarUsuario()
#7 C:\xampp\htdocs\cosas\Prueba\system\CodeIgniter.php(509): CodeIgniter\CodeIgniter->runController(Object(App\Controllers\UserController))
#8 C:\xampp\htdocs\cosas\Prueba\system\CodeIgniter.php(355): CodeIgniter\CodeIgniter->handleRequest(NULL, Object(Config\Cache), false)
#9 C:\xampp\htdocs\cosas\Prueba\system\Boot.php(325): CodeIgniter\CodeIgniter->run()
#10 C:\xampp\htdocs\cosas\Prueba\system\Boot.php(67): CodeIgniter\Boot::runCodeIgniter(Object(CodeIgniter\CodeIgniter))
#11 C:\xampp\htdocs\cosas\Prueba\public\index.php(56): CodeIgniter\Boot::bootWeb(Object(Config\Paths))
#12 {main}
ERROR - 2024-11-15 20:23:52 --> mysqli_sql_exception: Cannot delete or update a parent row: a foreign key constraint fails (`codeigniter4_bd`.`registro_acceso_web`, CONSTRAINT `registro_acceso_web_ibfk_1` FOREIGN KEY (`ID_Usuario`) REFERENCES `usuario` (`ID_Usuario`)) in C:\xampp\htdocs\cosas\Prueba\system\Database\MySQLi\Connection.php:312
Stack trace:
#0 C:\xampp\htdocs\cosas\Prueba\system\Database\MySQLi\Connection.php(312): mysqli->query('DELETE FROM `us...', 0)
#1 C:\xampp\htdocs\cosas\Prueba\system\Database\BaseConnection.php(734): CodeIgniter\Database\MySQLi\Connection->execute('DELETE FROM `us...')
#2 C:\xampp\htdocs\cosas\Prueba\system\Database\BaseConnection.php(648): CodeIgniter\Database\BaseConnection->simpleQuery('DELETE FROM `us...')
#3 C:\xampp\htdocs\cosas\Prueba\system\Database\BaseBuilder.php(2843): CodeIgniter\Database\BaseConnection->query('DELETE FROM `us...', Array, false)
#4 C:\xampp\htdocs\cosas\Prueba\app\Models\UserModel.php(74): CodeIgniter\Database\BaseBuilder->delete()
#5 C:\xampp\htdocs\cosas\Prueba\app\Controllers\UserController.php(88): App\Models\UserModel->deleteUser('17')
#6 C:\xampp\htdocs\cosas\Prueba\system\CodeIgniter.php(933): App\Controllers\UserController->eliminarUsuario()
#7 C:\xampp\htdocs\cosas\Prueba\system\CodeIgniter.php(509): CodeIgniter\CodeIgniter->runController(Object(App\Controllers\UserController))
#8 C:\xampp\htdocs\cosas\Prueba\system\CodeIgniter.php(355): CodeIgniter\CodeIgniter->handleRequest(NULL, Object(Config\Cache), false)
#9 C:\xampp\htdocs\cosas\Prueba\system\Boot.php(325): CodeIgniter\CodeIgniter->run()
#10 C:\xampp\htdocs\cosas\Prueba\system\Boot.php(67): CodeIgniter\Boot::runCodeIgniter(Object(CodeIgniter\CodeIgniter))
#11 C:\xampp\htdocs\cosas\Prueba\public\index.php(56): CodeIgniter\Boot::bootWeb(Object(Config\Paths))
#12 {main}
ERROR - 2024-11-15 20:23:53 --> mysqli_sql_exception: Cannot delete or update a parent row: a foreign key constraint fails (`codeigniter4_bd`.`registro_acceso_web`, CONSTRAINT `registro_acceso_web_ibfk_1` FOREIGN KEY (`ID_Usuario`) REFERENCES `usuario` (`ID_Usuario`)) in C:\xampp\htdocs\cosas\Prueba\system\Database\MySQLi\Connection.php:312
Stack trace:
#0 C:\xampp\htdocs\cosas\Prueba\system\Database\MySQLi\Connection.php(312): mysqli->query('DELETE FROM `us...', 0)
#1 C:\xampp\htdocs\cosas\Prueba\system\Database\BaseConnection.php(734): CodeIgniter\Database\MySQLi\Connection->execute('DELETE FROM `us...')
#2 C:\xampp\htdocs\cosas\Prueba\system\Database\BaseConnection.php(648): CodeIgniter\Database\BaseConnection->simpleQuery('DELETE FROM `us...')
#3 C:\xampp\htdocs\cosas\Prueba\system\Database\BaseBuilder.php(2843): CodeIgniter\Database\BaseConnection->query('DELETE FROM `us...', Array, false)
#4 C:\xampp\htdocs\cosas\Prueba\app\Models\UserModel.php(74): CodeIgniter\Database\BaseBuilder->delete()
#5 C:\xampp\htdocs\cosas\Prueba\app\Controllers\UserController.php(88): App\Models\UserModel->deleteUser('17')
#6 C:\xampp\htdocs\cosas\Prueba\system\CodeIgniter.php(933): App\Controllers\UserController->eliminarUsuario()
#7 C:\xampp\htdocs\cosas\Prueba\system\CodeIgniter.php(509): CodeIgniter\CodeIgniter->runController(Object(App\Controllers\UserController))
#8 C:\xampp\htdocs\cosas\Prueba\system\CodeIgniter.php(355): CodeIgniter\CodeIgniter->handleRequest(NULL, Object(Config\Cache), false)
#9 C:\xampp\htdocs\cosas\Prueba\system\Boot.php(325): CodeIgniter\CodeIgniter->run()
#10 C:\xampp\htdocs\cosas\Prueba\system\Boot.php(67): CodeIgniter\Boot::runCodeIgniter(Object(CodeIgniter\CodeIgniter))
#11 C:\xampp\htdocs\cosas\Prueba\public\index.php(56): CodeIgniter\Boot::bootWeb(Object(Config\Paths))
#12 {main}
