ERROR - 2024-11-24 19:43:54 --> mysqli_sql_exception: Cannot add or update a child row: a foreign key constraint fails (`codeigniter4_bd`.`usuario`, CONSTRAINT `usuario_ibfk_2` FOREIGN KEY (`ID_Tarjeta`) REFERENCES `tarjeta_acceso` (`ID_Tarjeta`)) in C:\xampp\htdocs\cosas\Prueba\system\Database\MySQLi\Connection.php:312
Stack trace:
#0 C:\xampp\htdocs\cosas\Prueba\system\Database\MySQLi\Connection.php(312): mysqli->query('UPDATE `usuario...', 0)
#1 C:\xampp\htdocs\cosas\Prueba\system\Database\BaseConnection.php(734): CodeIgniter\Database\MySQLi\Connection->execute('UPDATE `usuario...')
#2 C:\xampp\htdocs\cosas\Prueba\system\Database\BaseConnection.php(648): CodeIgniter\Database\BaseConnection->simpleQuery('UPDATE `usuario...')
#3 C:\xampp\htdocs\cosas\Prueba\system\Database\BaseBuilder.php(2516): CodeIgniter\Database\BaseConnection->query('UPDATE `usuario...', Array, false)
#4 C:\xampp\htdocs\cosas\Prueba\app\Models\UserModel.php(57): CodeIgniter\Database\BaseBuilder->update(Array)
#5 C:\xampp\htdocs\cosas\Prueba\app\Controllers\UserController.php(53): App\Models\UserModel->updateUser('5', Array)
#6 C:\xampp\htdocs\cosas\Prueba\system\CodeIgniter.php(933): App\Controllers\UserController->actualizarUsuario()
#7 C:\xampp\htdocs\cosas\Prueba\system\CodeIgniter.php(509): CodeIgniter\CodeIgniter->runController(Object(App\Controllers\UserController))
#8 C:\xampp\htdocs\cosas\Prueba\system\CodeIgniter.php(355): CodeIgniter\CodeIgniter->handleRequest(NULL, Object(Config\Cache), false)
#9 C:\xampp\htdocs\cosas\Prueba\system\Boot.php(325): CodeIgniter\CodeIgniter->run()
#10 C:\xampp\htdocs\cosas\Prueba\system\Boot.php(67): CodeIgniter\Boot::runCodeIgniter(Object(CodeIgniter\CodeIgniter))
#11 C:\xampp\htdocs\cosas\Prueba\public\index.php(56): CodeIgniter\Boot::bootWeb(Object(Config\Paths))
#12 {main}
CRITICAL - 2024-11-24 21:24:45 --> ErrorException: Undefined variable $tarjetas
[Method: POST, Route: modificar-usuario2]
in APPPATH\Views\modificar-usuario2.php on line 158.
 1 APPPATH\Views\modificar-usuario2.php(158): CodeIgniter\Debug\Exceptions->errorHandler(2, 'Undefined variable $tarjetas', 'C:\\xampp\\htdocs\\cosas\\Prueba\\app\\Views\\modificar-usuario2.php', 158)
 2 SYSTEMPATH\View\View.php(234): include('C:\\xampp\\htdocs\\cosas\\Prueba\\app\\Views\\modificar-usuario2.php')
 3 SYSTEMPATH\View\View.php(237): CodeIgniter\View\View->CodeIgniter\View\{closure}()
 4 SYSTEMPATH\Common.php(1169): CodeIgniter\View\View->render('modificar-usuario2', [], true)
 5 APPPATH\Controllers\UserController.php(72): view('modificar-usuario2', [...])
 6 SYSTEMPATH\CodeIgniter.php(933): App\Controllers\UserController->VistaModificar2()
 7 SYSTEMPATH\CodeIgniter.php(509): CodeIgniter\CodeIgniter->runController(Object(App\Controllers\UserController))
 8 SYSTEMPATH\CodeIgniter.php(355): CodeIgniter\CodeIgniter->handleRequest(null, Object(Config\Cache), false)
 9 SYSTEMPATH\Boot.php(325): CodeIgniter\CodeIgniter->run()
10 SYSTEMPATH\Boot.php(67): CodeIgniter\Boot::runCodeIgniter(Object(CodeIgniter\CodeIgniter))
11 FCPATH\index.php(56): CodeIgniter\Boot::bootWeb(Object(Config\Paths))
CRITICAL - 2024-11-24 21:24:47 --> ErrorException: Undefined variable $tarjetas
[Method: POST, Route: modificar-usuario2]
in APPPATH\Views\modificar-usuario2.php on line 158.
 1 APPPATH\Views\modificar-usuario2.php(158): CodeIgniter\Debug\Exceptions->errorHandler(2, 'Undefined variable $tarjetas', 'C:\\xampp\\htdocs\\cosas\\Prueba\\app\\Views\\modificar-usuario2.php', 158)
 2 SYSTEMPATH\View\View.php(234): include('C:\\xampp\\htdocs\\cosas\\Prueba\\app\\Views\\modificar-usuario2.php')
 3 SYSTEMPATH\View\View.php(237): CodeIgniter\View\View->CodeIgniter\View\{closure}()
 4 SYSTEMPATH\Common.php(1169): CodeIgniter\View\View->render('modificar-usuario2', [], true)
 5 APPPATH\Controllers\UserController.php(72): view('modificar-usuario2', [...])
 6 SYSTEMPATH\CodeIgniter.php(933): App\Controllers\UserController->VistaModificar2()
 7 SYSTEMPATH\CodeIgniter.php(509): CodeIgniter\CodeIgniter->runController(Object(App\Controllers\UserController))
 8 SYSTEMPATH\CodeIgniter.php(355): CodeIgniter\CodeIgniter->handleRequest(null, Object(Config\Cache), false)
 9 SYSTEMPATH\Boot.php(325): CodeIgniter\CodeIgniter->run()
10 SYSTEMPATH\Boot.php(67): CodeIgniter\Boot::runCodeIgniter(Object(CodeIgniter\CodeIgniter))
11 FCPATH\index.php(56): CodeIgniter\Boot::bootWeb(Object(Config\Paths))
CRITICAL - 2024-11-24 23:03:01 --> ErrorException: Undefined array key "Nombre"
[Method: GET, Route: eliminar-tarjeta]
in APPPATH\Views\eliminar-tarjeta.php on line 291.
 1 APPPATH\Views\eliminar-tarjeta.php(291): CodeIgniter\Debug\Exceptions->errorHandler(2, 'Undefined array key "Nombre"', 'C:\\xampp\\htdocs\\cosas\\Prueba\\app\\Views\\eliminar-tarjeta.php', 291)
 2 SYSTEMPATH\View\View.php(234): include('C:\\xampp\\htdocs\\cosas\\Prueba\\app\\Views\\eliminar-tarjeta.php')
 3 SYSTEMPATH\View\View.php(237): CodeIgniter\View\View->CodeIgniter\View\{closure}()
 4 SYSTEMPATH\Common.php(1169): CodeIgniter\View\View->render('eliminar-tarjeta', [], true)
 5 APPPATH\Controllers\TarjetaController.php(47): view('eliminar-tarjeta', [...])
 6 SYSTEMPATH\CodeIgniter.php(933): App\Controllers\TarjetaController->gestionar()
 7 SYSTEMPATH\CodeIgniter.php(509): CodeIgniter\CodeIgniter->runController(Object(App\Controllers\TarjetaController))
 8 SYSTEMPATH\CodeIgniter.php(355): CodeIgniter\CodeIgniter->handleRequest(null, Object(Config\Cache), false)
 9 SYSTEMPATH\Boot.php(325): CodeIgniter\CodeIgniter->run()
10 SYSTEMPATH\Boot.php(67): CodeIgniter\Boot::runCodeIgniter(Object(CodeIgniter\CodeIgniter))
11 FCPATH\index.php(56): CodeIgniter\Boot::bootWeb(Object(Config\Paths))
CRITICAL - 2024-11-24 23:03:03 --> ErrorException: Undefined array key "Nombre"
[Method: GET, Route: eliminar-tarjeta]
in APPPATH\Views\eliminar-tarjeta.php on line 291.
 1 APPPATH\Views\eliminar-tarjeta.php(291): CodeIgniter\Debug\Exceptions->errorHandler(2, 'Undefined array key "Nombre"', 'C:\\xampp\\htdocs\\cosas\\Prueba\\app\\Views\\eliminar-tarjeta.php', 291)
 2 SYSTEMPATH\View\View.php(234): include('C:\\xampp\\htdocs\\cosas\\Prueba\\app\\Views\\eliminar-tarjeta.php')
 3 SYSTEMPATH\View\View.php(237): CodeIgniter\View\View->CodeIgniter\View\{closure}()
 4 SYSTEMPATH\Common.php(1169): CodeIgniter\View\View->render('eliminar-tarjeta', [], true)
 5 APPPATH\Controllers\TarjetaController.php(47): view('eliminar-tarjeta', [...])
 6 SYSTEMPATH\CodeIgniter.php(933): App\Controllers\TarjetaController->gestionar()
 7 SYSTEMPATH\CodeIgniter.php(509): CodeIgniter\CodeIgniter->runController(Object(App\Controllers\TarjetaController))
 8 SYSTEMPATH\CodeIgniter.php(355): CodeIgniter\CodeIgniter->handleRequest(null, Object(Config\Cache), false)
 9 SYSTEMPATH\Boot.php(325): CodeIgniter\CodeIgniter->run()
10 SYSTEMPATH\Boot.php(67): CodeIgniter\Boot::runCodeIgniter(Object(CodeIgniter\CodeIgniter))
11 FCPATH\index.php(56): CodeIgniter\Boot::bootWeb(Object(Config\Paths))
CRITICAL - 2024-11-24 23:03:53 --> ErrorException: Undefined array key "Nombre"
[Method: GET, Route: eliminar-tarjeta]
in APPPATH\Views\eliminar-tarjeta.php on line 281.
 1 APPPATH\Views\eliminar-tarjeta.php(281): CodeIgniter\Debug\Exceptions->errorHandler(2, 'Undefined array key "Nombre"', 'C:\\xampp\\htdocs\\cosas\\Prueba\\app\\Views\\eliminar-tarjeta.php', 281)
 2 SYSTEMPATH\View\View.php(234): include('C:\\xampp\\htdocs\\cosas\\Prueba\\app\\Views\\eliminar-tarjeta.php')
 3 SYSTEMPATH\View\View.php(237): CodeIgniter\View\View->CodeIgniter\View\{closure}()
 4 SYSTEMPATH\Common.php(1169): CodeIgniter\View\View->render('eliminar-tarjeta', [], true)
 5 APPPATH\Controllers\TarjetaController.php(47): view('eliminar-tarjeta', [...])
 6 SYSTEMPATH\CodeIgniter.php(933): App\Controllers\TarjetaController->gestionar()
 7 SYSTEMPATH\CodeIgniter.php(509): CodeIgniter\CodeIgniter->runController(Object(App\Controllers\TarjetaController))
 8 SYSTEMPATH\CodeIgniter.php(355): CodeIgniter\CodeIgniter->handleRequest(null, Object(Config\Cache), false)
 9 SYSTEMPATH\Boot.php(325): CodeIgniter\CodeIgniter->run()
10 SYSTEMPATH\Boot.php(67): CodeIgniter\Boot::runCodeIgniter(Object(CodeIgniter\CodeIgniter))
11 FCPATH\index.php(56): CodeIgniter\Boot::bootWeb(Object(Config\Paths))
CRITICAL - 2024-11-24 23:03:56 --> ErrorException: Undefined array key "Nombre"
[Method: GET, Route: eliminar-tarjeta]
in APPPATH\Views\eliminar-tarjeta.php on line 281.
 1 APPPATH\Views\eliminar-tarjeta.php(281): CodeIgniter\Debug\Exceptions->errorHandler(2, 'Undefined array key "Nombre"', 'C:\\xampp\\htdocs\\cosas\\Prueba\\app\\Views\\eliminar-tarjeta.php', 281)
 2 SYSTEMPATH\View\View.php(234): include('C:\\xampp\\htdocs\\cosas\\Prueba\\app\\Views\\eliminar-tarjeta.php')
 3 SYSTEMPATH\View\View.php(237): CodeIgniter\View\View->CodeIgniter\View\{closure}()
 4 SYSTEMPATH\Common.php(1169): CodeIgniter\View\View->render('eliminar-tarjeta', [], true)
 5 APPPATH\Controllers\TarjetaController.php(47): view('eliminar-tarjeta', [...])
 6 SYSTEMPATH\CodeIgniter.php(933): App\Controllers\TarjetaController->gestionar()
 7 SYSTEMPATH\CodeIgniter.php(509): CodeIgniter\CodeIgniter->runController(Object(App\Controllers\TarjetaController))
 8 SYSTEMPATH\CodeIgniter.php(355): CodeIgniter\CodeIgniter->handleRequest(null, Object(Config\Cache), false)
 9 SYSTEMPATH\Boot.php(325): CodeIgniter\CodeIgniter->run()
10 SYSTEMPATH\Boot.php(67): CodeIgniter\Boot::runCodeIgniter(Object(CodeIgniter\CodeIgniter))
11 FCPATH\index.php(56): CodeIgniter\Boot::bootWeb(Object(Config\Paths))
CRITICAL - 2024-11-24 23:04:17 --> ErrorException: Undefined array key "Nombre"
[Method: GET, Route: eliminar-tarjeta]
in APPPATH\Views\eliminar-tarjeta.php on line 283.
 1 APPPATH\Views\eliminar-tarjeta.php(283): CodeIgniter\Debug\Exceptions->errorHandler(2, 'Undefined array key "Nombre"', 'C:\\xampp\\htdocs\\cosas\\Prueba\\app\\Views\\eliminar-tarjeta.php', 283)
 2 SYSTEMPATH\View\View.php(234): include('C:\\xampp\\htdocs\\cosas\\Prueba\\app\\Views\\eliminar-tarjeta.php')
 3 SYSTEMPATH\View\View.php(237): CodeIgniter\View\View->CodeIgniter\View\{closure}()
 4 SYSTEMPATH\Common.php(1169): CodeIgniter\View\View->render('eliminar-tarjeta', [], true)
 5 APPPATH\Controllers\TarjetaController.php(47): view('eliminar-tarjeta', [...])
 6 SYSTEMPATH\CodeIgniter.php(933): App\Controllers\TarjetaController->gestionar()
 7 SYSTEMPATH\CodeIgniter.php(509): CodeIgniter\CodeIgniter->runController(Object(App\Controllers\TarjetaController))
 8 SYSTEMPATH\CodeIgniter.php(355): CodeIgniter\CodeIgniter->handleRequest(null, Object(Config\Cache), false)
 9 SYSTEMPATH\Boot.php(325): CodeIgniter\CodeIgniter->run()
10 SYSTEMPATH\Boot.php(67): CodeIgniter\Boot::runCodeIgniter(Object(CodeIgniter\CodeIgniter))
11 FCPATH\index.php(56): CodeIgniter\Boot::bootWeb(Object(Config\Paths))
CRITICAL - 2024-11-24 23:05:16 --> ErrorException: Undefined array key "Nombre"
[Method: GET, Route: eliminar-tarjeta]
in APPPATH\Views\eliminar-tarjeta.php on line 283.
 1 APPPATH\Views\eliminar-tarjeta.php(283): CodeIgniter\Debug\Exceptions->errorHandler(2, 'Undefined array key "Nombre"', 'C:\\xampp\\htdocs\\cosas\\Prueba\\app\\Views\\eliminar-tarjeta.php', 283)
 2 SYSTEMPATH\View\View.php(234): include('C:\\xampp\\htdocs\\cosas\\Prueba\\app\\Views\\eliminar-tarjeta.php')
 3 SYSTEMPATH\View\View.php(237): CodeIgniter\View\View->CodeIgniter\View\{closure}()
 4 SYSTEMPATH\Common.php(1169): CodeIgniter\View\View->render('eliminar-tarjeta', [], true)
 5 APPPATH\Controllers\TarjetaController.php(47): view('eliminar-tarjeta', [...])
 6 SYSTEMPATH\CodeIgniter.php(933): App\Controllers\TarjetaController->gestionar()
 7 SYSTEMPATH\CodeIgniter.php(509): CodeIgniter\CodeIgniter->runController(Object(App\Controllers\TarjetaController))
 8 SYSTEMPATH\CodeIgniter.php(355): CodeIgniter\CodeIgniter->handleRequest(null, Object(Config\Cache), false)
 9 SYSTEMPATH\Boot.php(325): CodeIgniter\CodeIgniter->run()
10 SYSTEMPATH\Boot.php(67): CodeIgniter\Boot::runCodeIgniter(Object(CodeIgniter\CodeIgniter))
11 FCPATH\index.php(56): CodeIgniter\Boot::bootWeb(Object(Config\Paths))
INFO - 2024-11-24 23:05:59 --> Session: Class initialized using 'CodeIgniter\Session\Handlers\FileHandler' driver.
INFO - 2024-11-24 23:06:02 --> Session: Class initialized using 'CodeIgniter\Session\Handlers\FileHandler' driver.
CRITICAL - 2024-11-24 23:06:02 --> ErrorException: Undefined array key "Nombre"
[Method: GET, Route: eliminar-tarjeta]
in APPPATH\Views\eliminar-tarjeta.php on line 283.
 1 APPPATH\Views\eliminar-tarjeta.php(283): CodeIgniter\Debug\Exceptions->errorHandler(2, 'Undefined array key "Nombre"', 'C:\\xampp\\htdocs\\cosas\\Prueba\\app\\Views\\eliminar-tarjeta.php', 283)
 2 SYSTEMPATH\View\View.php(234): include('C:\\xampp\\htdocs\\cosas\\Prueba\\app\\Views\\eliminar-tarjeta.php')
 3 SYSTEMPATH\View\View.php(237): CodeIgniter\View\View->CodeIgniter\View\{closure}()
 4 SYSTEMPATH\Common.php(1169): CodeIgniter\View\View->render('eliminar-tarjeta', [], true)
 5 APPPATH\Controllers\TarjetaController.php(47): view('eliminar-tarjeta', [...])
 6 SYSTEMPATH\CodeIgniter.php(933): App\Controllers\TarjetaController->gestionar()
 7 SYSTEMPATH\CodeIgniter.php(509): CodeIgniter\CodeIgniter->runController(Object(App\Controllers\TarjetaController))
 8 SYSTEMPATH\CodeIgniter.php(355): CodeIgniter\CodeIgniter->handleRequest(null, Object(Config\Cache), false)
 9 SYSTEMPATH\Boot.php(325): CodeIgniter\CodeIgniter->run()
10 SYSTEMPATH\Boot.php(67): CodeIgniter\Boot::runCodeIgniter(Object(CodeIgniter\CodeIgniter))
11 FCPATH\index.php(56): CodeIgniter\Boot::bootWeb(Object(Config\Paths))
INFO - 2024-11-24 23:07:53 --> Session: Class initialized using 'CodeIgniter\Session\Handlers\FileHandler' driver.
INFO - 2024-11-24 23:08:01 --> Session: Class initialized using 'CodeIgniter\Session\Handlers\FileHandler' driver.
INFO - 2024-11-24 23:08:39 --> Session: Class initialized using 'CodeIgniter\Session\Handlers\FileHandler' driver.
INFO - 2024-11-24 23:08:41 --> Session: Class initialized using 'CodeIgniter\Session\Handlers\FileHandler' driver.
INFO - 2024-11-24 23:08:43 --> Session: Class initialized using 'CodeIgniter\Session\Handlers\FileHandler' driver.
CRITICAL - 2024-11-24 23:08:43 --> CodeIgniter\Database\Exceptions\DatabaseException: Deletes are not allowed unless they contain a "where" or "like" clause.
[Method: POST, Route: eliminar-tarjeta]
in SYSTEMPATH\Database\BaseBuilder.php on line 2814.
 1 SYSTEMPATH\Model.php(521): CodeIgniter\Database\BaseBuilder->delete()
 2 SYSTEMPATH\BaseModel.php(1158): CodeIgniter\Model->doDelete(null, false)
 3 APPPATH\Controllers\TarjetaController.php(73): CodeIgniter\BaseModel->delete(null)
 4 SYSTEMPATH\CodeIgniter.php(933): App\Controllers\TarjetaController->delete()
 5 SYSTEMPATH\CodeIgniter.php(509): CodeIgniter\CodeIgniter->runController(Object(App\Controllers\TarjetaController))
 6 SYSTEMPATH\CodeIgniter.php(355): CodeIgniter\CodeIgniter->handleRequest(null, Object(Config\Cache), false)
 7 SYSTEMPATH\Boot.php(325): CodeIgniter\CodeIgniter->run()
 8 SYSTEMPATH\Boot.php(67): CodeIgniter\Boot::runCodeIgniter(Object(CodeIgniter\CodeIgniter))
 9 FCPATH\index.php(56): CodeIgniter\Boot::bootWeb(Object(Config\Paths))
INFO - 2024-11-24 23:09:35 --> Session: Class initialized using 'CodeIgniter\Session\Handlers\FileHandler' driver.
INFO - 2024-11-24 23:09:36 --> Session: Class initialized using 'CodeIgniter\Session\Handlers\FileHandler' driver.
INFO - 2024-11-24 23:09:38 --> Session: Class initialized using 'CodeIgniter\Session\Handlers\FileHandler' driver.
INFO - 2024-11-24 23:16:04 --> Session: Class initialized using 'CodeIgniter\Session\Handlers\FileHandler' driver.
INFO - 2024-11-24 23:16:23 --> Session: Class initialized using 'CodeIgniter\Session\Handlers\FileHandler' driver.
INFO - 2024-11-24 23:16:28 --> Session: Class initialized using 'CodeIgniter\Session\Handlers\FileHandler' driver.
INFO - 2024-11-24 23:16:29 --> Session: Class initialized using 'CodeIgniter\Session\Handlers\FileHandler' driver.
INFO - 2024-11-24 23:16:44 --> Session: Class initialized using 'CodeIgniter\Session\Handlers\FileHandler' driver.
INFO - 2024-11-24 23:16:46 --> Session: Class initialized using 'CodeIgniter\Session\Handlers\FileHandler' driver.
CRITICAL - 2024-11-24 23:16:46 --> CodeIgniter\Database\Exceptions\DatabaseException: Deletes are not allowed unless they contain a "where" or "like" clause.
[Method: POST, Route: eliminar-tarjeta]
in SYSTEMPATH\Database\BaseBuilder.php on line 2814.
 1 SYSTEMPATH\Model.php(521): CodeIgniter\Database\BaseBuilder->delete()
 2 SYSTEMPATH\BaseModel.php(1158): CodeIgniter\Model->doDelete(null, false)
 3 APPPATH\Controllers\TarjetaController.php(73): CodeIgniter\BaseModel->delete(null)
 4 SYSTEMPATH\CodeIgniter.php(933): App\Controllers\TarjetaController->delete()
 5 SYSTEMPATH\CodeIgniter.php(509): CodeIgniter\CodeIgniter->runController(Object(App\Controllers\TarjetaController))
 6 SYSTEMPATH\CodeIgniter.php(355): CodeIgniter\CodeIgniter->handleRequest(null, Object(Config\Cache), false)
 7 SYSTEMPATH\Boot.php(325): CodeIgniter\CodeIgniter->run()
 8 SYSTEMPATH\Boot.php(67): CodeIgniter\Boot::runCodeIgniter(Object(CodeIgniter\CodeIgniter))
 9 FCPATH\index.php(56): CodeIgniter\Boot::bootWeb(Object(Config\Paths))
INFO - 2024-11-24 23:16:48 --> Session: Class initialized using 'CodeIgniter\Session\Handlers\FileHandler' driver.
INFO - 2024-11-24 23:17:18 --> Session: Class initialized using 'CodeIgniter\Session\Handlers\FileHandler' driver.
INFO - 2024-11-24 23:17:20 --> Session: Class initialized using 'CodeIgniter\Session\Handlers\FileHandler' driver.
CRITICAL - 2024-11-24 23:17:20 --> CodeIgniter\Database\Exceptions\DatabaseException: Deletes are not allowed unless they contain a "where" or "like" clause.
[Method: POST, Route: eliminar-tarjeta]
in SYSTEMPATH\Database\BaseBuilder.php on line 2814.
 1 SYSTEMPATH\Model.php(521): CodeIgniter\Database\BaseBuilder->delete()
 2 SYSTEMPATH\BaseModel.php(1158): CodeIgniter\Model->doDelete(null, false)
 3 APPPATH\Controllers\TarjetaController.php(73): CodeIgniter\BaseModel->delete(null)
 4 SYSTEMPATH\CodeIgniter.php(933): App\Controllers\TarjetaController->delete()
 5 SYSTEMPATH\CodeIgniter.php(509): CodeIgniter\CodeIgniter->runController(Object(App\Controllers\TarjetaController))
 6 SYSTEMPATH\CodeIgniter.php(355): CodeIgniter\CodeIgniter->handleRequest(null, Object(Config\Cache), false)
 7 SYSTEMPATH\Boot.php(325): CodeIgniter\CodeIgniter->run()
 8 SYSTEMPATH\Boot.php(67): CodeIgniter\Boot::runCodeIgniter(Object(CodeIgniter\CodeIgniter))
 9 FCPATH\index.php(56): CodeIgniter\Boot::bootWeb(Object(Config\Paths))
INFO - 2024-11-24 23:21:21 --> Session: Class initialized using 'CodeIgniter\Session\Handlers\FileHandler' driver.
CRITICAL - 2024-11-24 23:21:21 --> CodeIgniter\Database\Exceptions\DatabaseException: Deletes are not allowed unless they contain a "where" or "like" clause.
[Method: POST, Route: eliminar-tarjeta]
in SYSTEMPATH\Database\BaseBuilder.php on line 2814.
 1 SYSTEMPATH\Model.php(521): CodeIgniter\Database\BaseBuilder->delete()
 2 SYSTEMPATH\BaseModel.php(1158): CodeIgniter\Model->doDelete(null, false)
 3 APPPATH\Controllers\TarjetaController.php(73): CodeIgniter\BaseModel->delete(null)
 4 SYSTEMPATH\CodeIgniter.php(933): App\Controllers\TarjetaController->delete()
 5 SYSTEMPATH\CodeIgniter.php(509): CodeIgniter\CodeIgniter->runController(Object(App\Controllers\TarjetaController))
 6 SYSTEMPATH\CodeIgniter.php(355): CodeIgniter\CodeIgniter->handleRequest(null, Object(Config\Cache), false)
 7 SYSTEMPATH\Boot.php(325): CodeIgniter\CodeIgniter->run()
 8 SYSTEMPATH\Boot.php(67): CodeIgniter\Boot::runCodeIgniter(Object(CodeIgniter\CodeIgniter))
 9 FCPATH\index.php(56): CodeIgniter\Boot::bootWeb(Object(Config\Paths))
INFO - 2024-11-24 23:21:22 --> Session: Class initialized using 'CodeIgniter\Session\Handlers\FileHandler' driver.
INFO - 2024-11-24 23:21:23 --> Session: Class initialized using 'CodeIgniter\Session\Handlers\FileHandler' driver.
INFO - 2024-11-24 23:22:43 --> Session: Class initialized using 'CodeIgniter\Session\Handlers\FileHandler' driver.
INFO - 2024-11-24 23:22:44 --> Session: Class initialized using 'CodeIgniter\Session\Handlers\FileHandler' driver.
INFO - 2024-11-24 23:22:44 --> Session: Class initialized using 'CodeIgniter\Session\Handlers\FileHandler' driver.
INFO - 2024-11-24 23:22:46 --> Session: Class initialized using 'CodeIgniter\Session\Handlers\FileHandler' driver.
INFO - 2024-11-24 23:22:48 --> Session: Class initialized using 'CodeIgniter\Session\Handlers\FileHandler' driver.
INFO - 2024-11-24 23:22:48 --> Session: Class initialized using 'CodeIgniter\Session\Handlers\FileHandler' driver.
INFO - 2024-11-24 23:22:50 --> Session: Class initialized using 'CodeIgniter\Session\Handlers\FileHandler' driver.
INFO - 2024-11-24 23:22:58 --> Session: Class initialized using 'CodeIgniter\Session\Handlers\FileHandler' driver.
INFO - 2024-11-24 23:22:59 --> Session: Class initialized using 'CodeIgniter\Session\Handlers\FileHandler' driver.
